<?xml version="1.0" encoding="UTF-8"?>
<coverage generated="1649359870940" clover="3.2.0">
  <project timestamp="1649359870940" name="All files">
    <metrics statements="266" coveredstatements="190" conditionals="140" coveredconditionals="90" methods="46" coveredmethods="23" elements="452" coveredelements="303" complexity="0" loc="266" ncloc="266" packages="2" files="4" classes="4"/>
    <package name="src.js.util">
      <metrics statements="63" coveredstatements="23" conditionals="42" coveredconditionals="9" methods="17" coveredmethods="5"/>
      <file name="interp.js" path="D:\Projects\ninja\src\js\util\interp.js">
        <metrics statements="16" coveredstatements="10" conditionals="10" coveredconditionals="0" methods="7" coveredmethods="1"/>
        <line num="1" count="1" type="stmt"/>
        <line num="2" count="1" type="stmt"/>
        <line num="3" count="1" type="stmt"/>
        <line num="4" count="1" type="stmt"/>
        <line num="5" count="1" type="cond" truecount="0" falsecount="2"/>
        <line num="7" count="1" type="stmt"/>
        <line num="17" count="1" type="stmt"/>
        <line num="19" count="1" type="stmt"/>
        <line num="21" count="0" type="stmt"/>
        <line num="23" count="0" type="cond" truecount="0" falsecount="2"/>
        <line num="24" count="0" type="cond" truecount="0" falsecount="2"/>
        <line num="26" count="0" type="cond" truecount="0" falsecount="2"/>
        <line num="27" count="0" type="stmt"/>
        <line num="28" count="0" type="cond" truecount="0" falsecount="2"/>
        <line num="32" count="1" type="stmt"/>
        <line num="35" count="1" type="stmt"/>
      </file>
      <file name="raycasting.js" path="D:\Projects\ninja\src\js\util\raycasting.js">
        <metrics statements="47" coveredstatements="13" conditionals="32" coveredconditionals="9" methods="10" coveredmethods="4"/>
        <line num="1" count="2" type="stmt"/>
        <line num="2" count="0" type="stmt"/>
        <line num="3" count="0" type="stmt"/>
        <line num="6" count="0" type="cond" truecount="0" falsecount="2"/>
        <line num="7" count="0" type="stmt"/>
        <line num="8" count="0" type="cond" truecount="0" falsecount="2"/>
        <line num="9" count="0" type="stmt"/>
        <line num="11" count="0" type="cond" truecount="0" falsecount="2"/>
        <line num="14" count="0" type="cond" truecount="0" falsecount="2"/>
        <line num="15" count="0" type="stmt"/>
        <line num="21" count="0" type="stmt"/>
        <line num="24" count="2" type="stmt"/>
        <line num="25" count="0" type="stmt"/>
        <line num="27" count="0" type="cond" truecount="0" falsecount="2"/>
        <line num="28" count="0" type="stmt"/>
        <line num="30" count="0" type="cond" truecount="0" falsecount="2"/>
        <line num="31" count="0" type="stmt"/>
        <line num="33" count="0" type="stmt"/>
        <line num="36" count="2" type="stmt"/>
        <line num="37" count="0" type="stmt"/>
        <line num="39" count="0" type="cond" truecount="0" falsecount="2"/>
        <line num="40" count="0" type="stmt"/>
        <line num="42" count="0" type="cond" truecount="0" falsecount="2"/>
        <line num="43" count="0" type="stmt"/>
        <line num="45" count="0" type="stmt"/>
        <line num="48" count="2" type="stmt"/>
        <line num="49" count="0" type="stmt"/>
        <line num="50" count="0" type="stmt"/>
        <line num="52" count="0" type="stmt"/>
        <line num="53" count="0" type="cond" truecount="0" falsecount="2"/>
        <line num="54" count="0" type="stmt"/>
        <line num="56" count="0" type="cond" truecount="0" falsecount="2"/>
        <line num="58" count="0" type="stmt"/>
        <line num="62" count="0" type="cond" truecount="0" falsecount="2"/>
        <line num="64" count="0" type="stmt"/>
        <line num="66" count="0" type="stmt"/>
        <line num="67" count="0" type="stmt"/>
        <line num="71" count="0" type="stmt"/>
        <line num="77" count="2" type="cond" truecount="1" falsecount="0"/>
        <line num="78" count="112" type="cond" truecount="5" falsecount="0"/>
        <line num="85" count="2" type="stmt"/>
        <line num="86" count="560" type="cond" truecount="1" falsecount="1"/>
        <line num="89" count="2" type="stmt"/>
        <line num="90" count="560" type="cond" truecount="2" falsecount="0"/>
        <line num="93" count="320" type="stmt"/>
        <line num="94" count="2" type="stmt"/>
        <line num="95" count="2" type="stmt"/>
      </file>
    </package>
    <package name="tests">
      <metrics statements="203" coveredstatements="167" conditionals="98" coveredconditionals="81" methods="29" coveredmethods="18"/>
      <file name="math.js" path="D:\Projects\ninja\tests\math.js">
        <metrics statements="18" coveredstatements="12" conditionals="10" coveredconditionals="4" methods="10" coveredmethods="6"/>
        <line num="1" count="80" type="cond" truecount="2" falsecount="2"/>
        <line num="2" count="572" type="cond" truecount="2" falsecount="0"/>
        <line num="3" count="80" type="stmt"/>
        <line num="4" count="96" type="stmt"/>
        <line num="5" count="96" type="stmt"/>
        <line num="6" count="2" type="stmt"/>
        <line num="7" count="2" type="stmt"/>
        <line num="8" count="6" type="stmt"/>
        <line num="9" count="2" type="stmt"/>
        <line num="12" count="2" type="stmt"/>
        <line num="13" count="0" type="stmt"/>
        <line num="14" count="0" type="cond" truecount="0" falsecount="2"/>
        <line num="15" count="0" type="stmt"/>
        <line num="17" count="0" type="cond" truecount="0" falsecount="2"/>
        <line num="18" count="0" type="stmt"/>
        <line num="20" count="0" type="stmt"/>
        <line num="24" count="2" type="stmt"/>
        <line num="27" count="2" type="stmt"/>
      </file>
      <file name="playerMock.js" path="D:\Projects\ninja\tests\playerMock.js">
        <metrics statements="185" coveredstatements="155" conditionals="88" coveredconditionals="77" methods="19" coveredmethods="12"/>
        <line num="3" count="29" type="stmt"/>
        <line num="4" count="29" type="stmt"/>
        <line num="5" count="29" type="stmt"/>
        <line num="6" count="29" type="stmt"/>
        <line num="8" count="29" type="stmt"/>
        <line num="9" count="29" type="stmt"/>
        <line num="10" count="29" type="stmt"/>
        <line num="11" count="29" type="stmt"/>
        <line num="13" count="29" type="stmt"/>
        <line num="14" count="29" type="stmt"/>
        <line num="15" count="29" type="stmt"/>
        <line num="16" count="29" type="stmt"/>
        <line num="17" count="29" type="stmt"/>
        <line num="18" count="29" type="stmt"/>
        <line num="19" count="29" type="stmt"/>
        <line num="21" count="29" type="stmt"/>
        <line num="22" count="29" type="stmt"/>
        <line num="24" count="29" type="stmt"/>
        <line num="26" count="29" type="stmt"/>
        <line num="30" count="29" type="stmt"/>
        <line num="31" count="29" type="stmt"/>
        <line num="32" count="29" type="stmt"/>
        <line num="37" count="560" type="stmt"/>
        <line num="38" count="560" type="stmt"/>
        <line num="39" count="560" type="stmt"/>
        <line num="41" count="560" type="cond" truecount="2" falsecount="0"/>
        <line num="46" count="13" type="cond" truecount="2" falsecount="0"/>
        <line num="47" count="1" type="stmt"/>
        <line num="51" count="12" type="cond" truecount="4" falsecount="0"/>
        <line num="52" count="1" type="stmt"/>
        <line num="56" count="11" type="cond" truecount="4" falsecount="0"/>
        <line num="57" count="1" type="stmt"/>
        <line num="60" count="10" type="stmt"/>
        <line num="64" count="94" type="stmt"/>
        <line num="68" count="1" type="stmt"/>
        <line num="69" count="1" type="stmt"/>
        <line num="70" count="60" type="stmt"/>
        <line num="71" count="60" type="stmt"/>
        <line num="72" count="60" type="stmt"/>
        <line num="78" count="80" type="stmt"/>
        <line num="79" count="80" type="stmt"/>
        <line num="80" count="80" type="stmt"/>
        <line num="81" count="80" type="stmt"/>
        <line num="82" count="80" type="stmt"/>
        <line num="83" count="80" type="stmt"/>
        <line num="85" count="80" type="stmt"/>
        <line num="87" count="80" type="stmt"/>
        <line num="88" count="80" type="cond" truecount="1" falsecount="1"/>
        <line num="91" count="80" type="cond" truecount="2" falsecount="0"/>
        <line num="92" count="6" type="stmt"/>
        <line num="94" count="74" type="stmt"/>
        <line num="97" count="80" type="cond" truecount="4" falsecount="0"/>
        <line num="98" count="6" type="stmt"/>
        <line num="99" count="6" type="stmt"/>
        <line num="100" count="6" type="stmt"/>
        <line num="103" count="6" type="cond" truecount="2" falsecount="0"/>
        <line num="104" count="1" type="stmt"/>
        <line num="107" count="1" type="stmt"/>
        <line num="113" count="6" type="stmt"/>
        <line num="115" count="6" type="stmt"/>
        <line num="118" count="80" type="cond" truecount="4" falsecount="0"/>
        <line num="119" count="6" type="stmt"/>
        <line num="120" count="6" type="stmt"/>
        <line num="121" count="6" type="stmt"/>
        <line num="125" count="6" type="stmt"/>
        <line num="126" count="6" type="stmt"/>
        <line num="129" count="80" type="cond" truecount="2" falsecount="0"/>
        <line num="131" count="6" type="stmt"/>
        <line num="132" count="6" type="stmt"/>
        <line num="135" count="74" type="cond" truecount="4" falsecount="0"/>
        <line num="136" count="74" type="stmt"/>
        <line num="137" count="74" type="cond" truecount="2" falsecount="0"/>
        <line num="138" count="3" type="stmt"/>
        <line num="139" count="3" type="stmt"/>
        <line num="144" count="74" type="stmt"/>
        <line num="149" count="80" type="stmt"/>
        <line num="151" count="80" type="cond" truecount="2" falsecount="0"/>
        <line num="152" count="2" type="stmt"/>
        <line num="153" count="2" type="stmt"/>
        <line num="154" count="2" type="stmt"/>
        <line num="157" count="80" type="cond" truecount="2" falsecount="0"/>
        <line num="158" count="2" type="stmt"/>
        <line num="159" count="2" type="stmt"/>
        <line num="160" count="2" type="stmt"/>
        <line num="162" count="80" type="cond" truecount="4" falsecount="0"/>
        <line num="163" count="2" type="stmt"/>
        <line num="165" count="80" type="cond" truecount="2" falsecount="0"/>
        <line num="166" count="1" type="stmt"/>
        <line num="169" count="80" type="stmt"/>
        <line num="171" count="80" type="cond" truecount="2" falsecount="0"/>
        <line num="172" count="80" type="stmt"/>
        <line num="177" count="80" type="stmt"/>
        <line num="179" count="80" type="stmt"/>
        <line num="181" count="80" type="cond" truecount="2" falsecount="0"/>
        <line num="182" count="77" type="stmt"/>
        <line num="183" count="77" type="stmt"/>
        <line num="187" count="1773" type="stmt"/>
        <line num="190" count="80" type="cond" truecount="1" falsecount="1"/>
        <line num="191" count="80" type="stmt"/>
        <line num="192" count="80" type="stmt"/>
        <line num="193" count="80" type="stmt"/>
        <line num="196" count="80" type="cond" truecount="4" falsecount="1"/>
        <line num="197" count="0" type="stmt"/>
        <line num="199" count="0" type="stmt"/>
        <line num="201" count="0" type="stmt"/>
        <line num="202" count="0" type="stmt"/>
        <line num="203" count="0" type="stmt"/>
        <line num="207" count="0" type="stmt"/>
        <line num="208" count="0" type="stmt"/>
        <line num="209" count="0" type="stmt"/>
        <line num="212" count="80" type="cond" truecount="1" falsecount="1"/>
        <line num="213" count="0" type="stmt"/>
        <line num="214" count="0" type="stmt"/>
        <line num="227" count="80" type="stmt"/>
        <line num="228" count="80" type="stmt"/>
        <line num="229" count="96" type="stmt"/>
        <line num="230" count="96" type="cond" truecount="2" falsecount="0"/>
        <line num="231" count="6" type="stmt"/>
        <line num="232" count="6" type="stmt"/>
        <line num="236" count="80" type="cond" truecount="2" falsecount="0"/>
        <line num="237" count="3" type="stmt"/>
        <line num="238" count="3" type="stmt"/>
        <line num="241" count="80" type="stmt"/>
        <line num="245" count="80" type="stmt"/>
        <line num="246" count="80" type="stmt"/>
        <line num="247" count="80" type="stmt"/>
        <line num="248" count="80" type="stmt"/>
        <line num="250" count="80" type="stmt"/>
        <line num="251" count="80" type="stmt"/>
        <line num="252" count="80" type="stmt"/>
        <line num="253" count="80" type="stmt"/>
        <line num="255" count="80" type="stmt"/>
        <line num="256" count="80" type="stmt"/>
        <line num="257" count="80" type="stmt"/>
        <line num="258" count="80" type="stmt"/>
        <line num="260" count="80" type="stmt"/>
        <line num="261" count="80" type="stmt"/>
        <line num="262" count="80" type="stmt"/>
        <line num="263" count="84" type="stmt"/>
        <line num="268" count="80" type="stmt"/>
        <line num="269" count="137" type="stmt"/>
        <line num="275" count="80" type="stmt"/>
        <line num="276" count="328" type="stmt"/>
        <line num="277" count="1784" type="cond" truecount="2" falsecount="0"/>
        <line num="278" count="96" type="stmt"/>
        <line num="284" count="80" type="stmt"/>
        <line num="288" count="0" type="stmt"/>
        <line num="289" count="0" type="stmt"/>
        <line num="299" count="0" type="stmt"/>
        <line num="303" count="0" type="stmt"/>
        <line num="304" count="0" type="stmt"/>
        <line num="316" count="80" type="stmt"/>
        <line num="318" count="80" type="stmt"/>
        <line num="319" count="80" type="stmt"/>
        <line num="321" count="80" type="cond" truecount="2" falsecount="0"/>
        <line num="323" count="77" type="stmt"/>
        <line num="326" count="77" type="cond" truecount="1" falsecount="1"/>
        <line num="327" count="0" type="stmt"/>
        <line num="328" count="0" type="stmt"/>
        <line num="330" count="3" type="cond" truecount="1" falsecount="1"/>
        <line num="331" count="0" type="stmt"/>
        <line num="334" count="0" type="stmt"/>
        <line num="335" count="0" type="stmt"/>
        <line num="338" count="80" type="stmt"/>
        <line num="339" count="80" type="stmt"/>
        <line num="342" count="80" type="cond" truecount="2" falsecount="2"/>
        <line num="343" count="0" type="stmt"/>
        <line num="347" count="80" type="cond" truecount="2" falsecount="2"/>
        <line num="348" count="0" type="stmt"/>
        <line num="352" count="80" type="cond" truecount="5" falsecount="0"/>
        <line num="353" count="79" type="stmt"/>
        <line num="357" count="80" type="stmt"/>
        <line num="358" count="80" type="stmt"/>
        <line num="359" count="80" type="cond" truecount="4" falsecount="0"/>
        <line num="360" count="3" type="stmt"/>
        <line num="363" count="80" type="cond" truecount="1" falsecount="1"/>
        <line num="364" count="0" type="stmt"/>
        <line num="365" count="0" type="stmt"/>
        <line num="366" count="0" type="stmt"/>
        <line num="371" count="0" type="stmt"/>
        <line num="383" count="0" type="stmt"/>
        <line num="386" count="0" type="stmt"/>
        <line num="388" count="0" type="stmt"/>
        <line num="389" count="0" type="stmt"/>
        <line num="396" count="2" type="stmt"/>
      </file>
    </package>
  </project>
</coverage>
