<?xml version="1.0" encoding="UTF-8"?>
<coverage generated="1649305955457" clover="3.2.0">
  <project timestamp="1649305955457" name="All files">
    <metrics statements="250" coveredstatements="153" conditionals="130" coveredconditionals="56" methods="39" coveredmethods="15" elements="419" coveredelements="224" complexity="0" loc="250" ncloc="250" packages="2" files="3" classes="3"/>
    <package name="src.js.util">
      <metrics statements="47" coveredstatements="10" conditionals="32" coveredconditionals="0" methods="10" coveredmethods="1"/>
      <file name="raycasting.js" path="D:\Projects\ninja\src\js\util\raycasting.js">
        <metrics statements="47" coveredstatements="10" conditionals="32" coveredconditionals="0" methods="10" coveredmethods="1"/>
        <line num="1" count="1" type="stmt"/>
        <line num="2" count="0" type="stmt"/>
        <line num="3" count="0" type="stmt"/>
        <line num="6" count="0" type="cond" truecount="0" falsecount="2"/>
        <line num="7" count="0" type="stmt"/>
        <line num="8" count="0" type="cond" truecount="0" falsecount="2"/>
        <line num="9" count="0" type="stmt"/>
        <line num="11" count="0" type="cond" truecount="0" falsecount="2"/>
        <line num="14" count="0" type="cond" truecount="0" falsecount="2"/>
        <line num="15" count="0" type="stmt"/>
        <line num="21" count="0" type="stmt"/>
        <line num="24" count="1" type="stmt"/>
        <line num="25" count="0" type="stmt"/>
        <line num="27" count="0" type="cond" truecount="0" falsecount="2"/>
        <line num="28" count="0" type="stmt"/>
        <line num="30" count="0" type="cond" truecount="0" falsecount="2"/>
        <line num="31" count="0" type="stmt"/>
        <line num="33" count="0" type="stmt"/>
        <line num="36" count="1" type="stmt"/>
        <line num="37" count="0" type="stmt"/>
        <line num="39" count="0" type="cond" truecount="0" falsecount="2"/>
        <line num="40" count="0" type="stmt"/>
        <line num="42" count="0" type="cond" truecount="0" falsecount="2"/>
        <line num="43" count="0" type="stmt"/>
        <line num="45" count="0" type="stmt"/>
        <line num="48" count="1" type="stmt"/>
        <line num="49" count="0" type="stmt"/>
        <line num="50" count="0" type="stmt"/>
        <line num="52" count="0" type="stmt"/>
        <line num="53" count="0" type="cond" truecount="0" falsecount="2"/>
        <line num="54" count="0" type="stmt"/>
        <line num="56" count="0" type="cond" truecount="0" falsecount="2"/>
        <line num="58" count="0" type="stmt"/>
        <line num="62" count="0" type="cond" truecount="0" falsecount="2"/>
        <line num="64" count="0" type="stmt"/>
        <line num="66" count="0" type="stmt"/>
        <line num="67" count="0" type="stmt"/>
        <line num="71" count="0" type="stmt"/>
        <line num="77" count="1" type="cond" truecount="0" falsecount="1"/>
        <line num="78" count="0" type="cond" truecount="0" falsecount="5"/>
        <line num="85" count="1" type="stmt"/>
        <line num="86" count="0" type="cond" truecount="0" falsecount="2"/>
        <line num="89" count="1" type="stmt"/>
        <line num="90" count="0" type="cond" truecount="0" falsecount="2"/>
        <line num="93" count="52" type="stmt"/>
        <line num="94" count="1" type="stmt"/>
        <line num="95" count="1" type="stmt"/>
      </file>
    </package>
    <package name="tests">
      <metrics statements="203" coveredstatements="143" conditionals="98" coveredconditionals="56" methods="29" coveredmethods="14"/>
      <file name="math.js" path="D:\Projects\ninja\tests\math.js">
        <metrics statements="18" coveredstatements="12" conditionals="10" coveredconditionals="2" methods="10" coveredmethods="3"/>
        <line num="1" count="13" type="cond" truecount="2" falsecount="2"/>
        <line num="2" count="1" type="cond" truecount="0" falsecount="2"/>
        <line num="3" count="13" type="stmt"/>
        <line num="4" count="1" type="stmt"/>
        <line num="5" count="1" type="stmt"/>
        <line num="6" count="1" type="stmt"/>
        <line num="7" count="1" type="stmt"/>
        <line num="8" count="6" type="stmt"/>
        <line num="9" count="1" type="stmt"/>
        <line num="12" count="1" type="stmt"/>
        <line num="13" count="0" type="stmt"/>
        <line num="14" count="0" type="cond" truecount="0" falsecount="2"/>
        <line num="15" count="0" type="stmt"/>
        <line num="17" count="0" type="cond" truecount="0" falsecount="2"/>
        <line num="18" count="0" type="stmt"/>
        <line num="20" count="0" type="stmt"/>
        <line num="24" count="1" type="stmt"/>
        <line num="27" count="1" type="stmt"/>
      </file>
      <file name="playerMock.js" path="D:\Projects\ninja\tests\playerMock.js">
        <metrics statements="185" coveredstatements="131" conditionals="88" coveredconditionals="54" methods="19" coveredmethods="11"/>
        <line num="3" count="21" type="stmt"/>
        <line num="4" count="21" type="stmt"/>
        <line num="5" count="21" type="stmt"/>
        <line num="6" count="21" type="stmt"/>
        <line num="8" count="21" type="stmt"/>
        <line num="9" count="21" type="stmt"/>
        <line num="10" count="21" type="stmt"/>
        <line num="11" count="21" type="stmt"/>
        <line num="13" count="21" type="stmt"/>
        <line num="14" count="21" type="stmt"/>
        <line num="15" count="21" type="stmt"/>
        <line num="16" count="21" type="stmt"/>
        <line num="17" count="21" type="stmt"/>
        <line num="18" count="21" type="stmt"/>
        <line num="19" count="21" type="stmt"/>
        <line num="21" count="21" type="stmt"/>
        <line num="22" count="21" type="stmt"/>
        <line num="24" count="21" type="stmt"/>
        <line num="26" count="21" type="stmt"/>
        <line num="30" count="21" type="stmt"/>
        <line num="31" count="21" type="stmt"/>
        <line num="32" count="21" type="stmt"/>
        <line num="36" count="91" type="stmt"/>
        <line num="37" count="91" type="stmt"/>
        <line num="38" count="91" type="stmt"/>
        <line num="40" count="91" type="cond" truecount="1" falsecount="1"/>
        <line num="45" count="13" type="cond" truecount="2" falsecount="0"/>
        <line num="46" count="1" type="stmt"/>
        <line num="50" count="12" type="cond" truecount="4" falsecount="0"/>
        <line num="51" count="1" type="stmt"/>
        <line num="55" count="11" type="cond" truecount="4" falsecount="0"/>
        <line num="56" count="1" type="stmt"/>
        <line num="59" count="10" type="stmt"/>
        <line num="63" count="27" type="stmt"/>
        <line num="67" count="0" type="stmt"/>
        <line num="68" count="0" type="stmt"/>
        <line num="69" count="0" type="stmt"/>
        <line num="70" count="0" type="stmt"/>
        <line num="71" count="0" type="stmt"/>
        <line num="77" count="13" type="stmt"/>
        <line num="78" count="13" type="stmt"/>
        <line num="79" count="13" type="stmt"/>
        <line num="80" count="13" type="stmt"/>
        <line num="81" count="13" type="stmt"/>
        <line num="82" count="13" type="stmt"/>
        <line num="84" count="13" type="stmt"/>
        <line num="86" count="13" type="stmt"/>
        <line num="87" count="13" type="cond" truecount="1" falsecount="1"/>
        <line num="90" count="13" type="cond" truecount="2" falsecount="0"/>
        <line num="91" count="6" type="stmt"/>
        <line num="93" count="7" type="stmt"/>
        <line num="96" count="13" type="cond" truecount="4" falsecount="0"/>
        <line num="97" count="6" type="stmt"/>
        <line num="98" count="6" type="stmt"/>
        <line num="99" count="6" type="stmt"/>
        <line num="102" count="6" type="cond" truecount="2" falsecount="0"/>
        <line num="103" count="1" type="stmt"/>
        <line num="106" count="1" type="stmt"/>
        <line num="112" count="6" type="stmt"/>
        <line num="114" count="6" type="stmt"/>
        <line num="117" count="13" type="cond" truecount="4" falsecount="0"/>
        <line num="118" count="6" type="stmt"/>
        <line num="119" count="6" type="stmt"/>
        <line num="120" count="6" type="stmt"/>
        <line num="124" count="6" type="stmt"/>
        <line num="125" count="6" type="stmt"/>
        <line num="128" count="13" type="cond" truecount="2" falsecount="0"/>
        <line num="130" count="6" type="stmt"/>
        <line num="131" count="6" type="stmt"/>
        <line num="134" count="7" type="cond" truecount="2" falsecount="2"/>
        <line num="135" count="7" type="stmt"/>
        <line num="136" count="7" type="cond" truecount="1" falsecount="1"/>
        <line num="138" count="0" type="stmt"/>
        <line num="139" count="0" type="stmt"/>
        <line num="144" count="7" type="stmt"/>
        <line num="149" count="13" type="stmt"/>
        <line num="151" count="13" type="cond" truecount="1" falsecount="1"/>
        <line num="152" count="0" type="stmt"/>
        <line num="153" count="0" type="stmt"/>
        <line num="154" count="0" type="stmt"/>
        <line num="157" count="13" type="cond" truecount="1" falsecount="1"/>
        <line num="158" count="0" type="stmt"/>
        <line num="159" count="0" type="stmt"/>
        <line num="160" count="0" type="stmt"/>
        <line num="163" count="13" type="cond" truecount="3" falsecount="1"/>
        <line num="164" count="0" type="stmt"/>
        <line num="166" count="13" type="cond" truecount="1" falsecount="1"/>
        <line num="167" count="0" type="stmt"/>
        <line num="170" count="13" type="stmt"/>
        <line num="172" count="13" type="cond" truecount="1" falsecount="1"/>
        <line num="173" count="13" type="stmt"/>
        <line num="178" count="13" type="stmt"/>
        <line num="180" count="13" type="stmt"/>
        <line num="182" count="13" type="cond" truecount="1" falsecount="1"/>
        <line num="183" count="13" type="stmt"/>
        <line num="184" count="13" type="stmt"/>
        <line num="188" count="13" type="stmt"/>
        <line num="191" count="13" type="cond" truecount="1" falsecount="1"/>
        <line num="192" count="13" type="stmt"/>
        <line num="193" count="13" type="stmt"/>
        <line num="194" count="13" type="stmt"/>
        <line num="197" count="13" type="cond" truecount="2" falsecount="3"/>
        <line num="198" count="0" type="stmt"/>
        <line num="200" count="0" type="stmt"/>
        <line num="202" count="0" type="stmt"/>
        <line num="203" count="0" type="stmt"/>
        <line num="204" count="0" type="stmt"/>
        <line num="208" count="0" type="stmt"/>
        <line num="209" count="0" type="stmt"/>
        <line num="210" count="0" type="stmt"/>
        <line num="214" count="13" type="cond" truecount="1" falsecount="1"/>
        <line num="215" count="0" type="stmt"/>
        <line num="216" count="0" type="stmt"/>
        <line num="229" count="13" type="stmt"/>
        <line num="230" count="13" type="stmt"/>
        <line num="231" count="0" type="stmt"/>
        <line num="232" count="0" type="cond" truecount="0" falsecount="2"/>
        <line num="233" count="0" type="stmt"/>
        <line num="234" count="0" type="stmt"/>
        <line num="238" count="13" type="cond" truecount="1" falsecount="1"/>
        <line num="239" count="0" type="stmt"/>
        <line num="240" count="0" type="stmt"/>
        <line num="243" count="13" type="stmt"/>
        <line num="247" count="13" type="stmt"/>
        <line num="248" count="13" type="stmt"/>
        <line num="249" count="13" type="stmt"/>
        <line num="250" count="13" type="stmt"/>
        <line num="252" count="13" type="stmt"/>
        <line num="253" count="13" type="stmt"/>
        <line num="254" count="13" type="stmt"/>
        <line num="255" count="13" type="stmt"/>
        <line num="257" count="13" type="stmt"/>
        <line num="258" count="13" type="stmt"/>
        <line num="259" count="13" type="stmt"/>
        <line num="260" count="13" type="stmt"/>
        <line num="262" count="13" type="stmt"/>
        <line num="263" count="13" type="stmt"/>
        <line num="264" count="13" type="stmt"/>
        <line num="265" count="13" type="stmt"/>
        <line num="270" count="13" type="stmt"/>
        <line num="271" count="21" type="stmt"/>
        <line num="277" count="13" type="stmt"/>
        <line num="278" count="52" type="stmt"/>
        <line num="279" count="272" type="cond" truecount="1" falsecount="1"/>
        <line num="280" count="0" type="stmt"/>
        <line num="286" count="13" type="stmt"/>
        <line num="290" count="0" type="stmt"/>
        <line num="291" count="0" type="stmt"/>
        <line num="301" count="0" type="stmt"/>
        <line num="305" count="0" type="stmt"/>
        <line num="306" count="0" type="stmt"/>
        <line num="318" count="13" type="stmt"/>
        <line num="320" count="13" type="stmt"/>
        <line num="321" count="13" type="stmt"/>
        <line num="323" count="13" type="cond" truecount="1" falsecount="1"/>
        <line num="325" count="13" type="stmt"/>
        <line num="327" count="13" type="cond" truecount="1" falsecount="1"/>
        <line num="328" count="0" type="stmt"/>
        <line num="329" count="0" type="stmt"/>
        <line num="331" count="0" type="cond" truecount="0" falsecount="2"/>
        <line num="332" count="0" type="stmt"/>
        <line num="335" count="0" type="stmt"/>
        <line num="336" count="0" type="stmt"/>
        <line num="339" count="13" type="stmt"/>
        <line num="340" count="13" type="stmt"/>
        <line num="343" count="13" type="cond" truecount="2" falsecount="2"/>
        <line num="344" count="0" type="stmt"/>
        <line num="348" count="13" type="cond" truecount="2" falsecount="2"/>
        <line num="349" count="0" type="stmt"/>
        <line num="353" count="13" type="cond" truecount="2" falsecount="3"/>
        <line num="354" count="13" type="stmt"/>
        <line num="358" count="13" type="stmt"/>
        <line num="359" count="13" type="stmt"/>
        <line num="360" count="13" type="cond" truecount="2" falsecount="2"/>
        <line num="361" count="0" type="stmt"/>
        <line num="364" count="13" type="cond" truecount="1" falsecount="1"/>
        <line num="365" count="0" type="stmt"/>
        <line num="366" count="0" type="stmt"/>
        <line num="367" count="0" type="stmt"/>
        <line num="372" count="0" type="stmt"/>
        <line num="384" count="0" type="stmt"/>
        <line num="387" count="0" type="stmt"/>
        <line num="389" count="0" type="stmt"/>
        <line num="390" count="0" type="stmt"/>
        <line num="397" count="1" type="stmt"/>
      </file>
    </package>
  </project>
</coverage>
