{"D:\\Projects\\ninja\\src\\js\\util\\raycasting.js": {"path":"D:\\Projects\\ninja\\src\\js\\util\\raycasting.js","statementMap":{"0":{"start":{"line":1,"column":0},"end":{"line":22,"column":1}},"1":{"start":{"line":2,"column":27},"end":{"line":2,"column":74}},"2":{"start":{"line":3,"column":25},"end":{"line":3,"column":70}},"3":{"start":{"line":6,"column":4},"end":{"line":12,"column":5}},"4":{"start":{"line":7,"column":8},"end":{"line":7,"column":28}},"5":{"start":{"line":8,"column":11},"end":{"line":12,"column":5}},"6":{"start":{"line":9,"column":8},"end":{"line":9,"column":30}},"7":{"start":{"line":11,"column":8},"end":{"line":11,"column":143}},"8":{"start":{"line":14,"column":4},"end":{"line":19,"column":5}},"9":{"start":{"line":15,"column":8},"end":{"line":18,"column":10}},"10":{"start":{"line":21,"column":4},"end":{"line":21,"column":18}},"11":{"start":{"line":24,"column":0},"end":{"line":34,"column":1}},"12":{"start":{"line":25,"column":25},"end":{"line":25,"column":39}},"13":{"start":{"line":27,"column":14},"end":{"line":27,"column":87}},"14":{"start":{"line":28,"column":14},"end":{"line":28,"column":48}},"15":{"start":{"line":30,"column":18},"end":{"line":30,"column":55}},"16":{"start":{"line":31,"column":18},"end":{"line":31,"column":36}},"17":{"start":{"line":33,"column":4},"end":{"line":33,"column":51}},"18":{"start":{"line":36,"column":0},"end":{"line":46,"column":1}},"19":{"start":{"line":37,"column":26},"end":{"line":37,"column":40}},"20":{"start":{"line":39,"column":14},"end":{"line":39,"column":88}},"21":{"start":{"line":40,"column":14},"end":{"line":40,"column":48}},"22":{"start":{"line":42,"column":18},"end":{"line":42,"column":56}},"23":{"start":{"line":43,"column":18},"end":{"line":43,"column":36}},"24":{"start":{"line":45,"column":4},"end":{"line":45,"column":51}},"25":{"start":{"line":48,"column":0},"end":{"line":75,"column":1}},"26":{"start":{"line":49,"column":12},"end":{"line":49,"column":18}},"27":{"start":{"line":50,"column":12},"end":{"line":50,"column":18}},"28":{"start":{"line":52,"column":4},"end":{"line":69,"column":5}},"29":{"start":{"line":53,"column":8},"end":{"line":55,"column":9}},"30":{"start":{"line":54,"column":12},"end":{"line":54,"column":31}},"31":{"start":{"line":56,"column":8},"end":{"line":68,"column":9}},"32":{"start":{"line":58,"column":12},"end":{"line":61,"column":14}},"33":{"start":{"line":62,"column":15},"end":{"line":68,"column":9}},"34":{"start":{"line":64,"column":12},"end":{"line":64,"column":18}},"35":{"start":{"line":66,"column":12},"end":{"line":66,"column":23}},"36":{"start":{"line":67,"column":12},"end":{"line":67,"column":23}},"37":{"start":{"line":71,"column":4},"end":{"line":74,"column":6}},"38":{"start":{"line":77,"column":0},"end":{"line":83,"column":1}},"39":{"start":{"line":78,"column":4},"end":{"line":82,"column":49}},"40":{"start":{"line":85,"column":0},"end":{"line":87,"column":1}},"41":{"start":{"line":86,"column":4},"end":{"line":86,"column":83}},"42":{"start":{"line":89,"column":0},"end":{"line":91,"column":1}},"43":{"start":{"line":90,"column":4},"end":{"line":90,"column":71}},"44":{"start":{"line":93,"column":0},"end":{"line":93,"column":36}},"45":{"start":{"line":93,"column":18},"end":{"line":93,"column":35}},"46":{"start":{"line":94,"column":0},"end":{"line":94,"column":47}},"47":{"start":{"line":94,"column":26},"end":{"line":94,"column":46}},"48":{"start":{"line":95,"column":0},"end":{"line":95,"column":59}},"49":{"start":{"line":95,"column":32},"end":{"line":95,"column":59}}},"fnMap":{"0":{"name":"(anonymous_0)","decl":{"start":{"line":1,"column":10},"end":{"line":1,"column":11}},"loc":{"start":{"line":1,"column":40},"end":{"line":22,"column":1}},"line":1},"1":{"name":"(anonymous_1)","decl":{"start":{"line":24,"column":24},"end":{"line":24,"column":25}},"loc":{"start":{"line":24,"column":64},"end":{"line":34,"column":1}},"line":24},"2":{"name":"(anonymous_2)","decl":{"start":{"line":36,"column":22},"end":{"line":36,"column":23}},"loc":{"start":{"line":36,"column":62},"end":{"line":46,"column":1}},"line":36},"3":{"name":"(anonymous_3)","decl":{"start":{"line":48,"column":9},"end":{"line":48,"column":10}},"loc":{"start":{"line":48,"column":56},"end":{"line":75,"column":1}},"line":48},"4":{"name":"(anonymous_4)","decl":{"start":{"line":77,"column":11},"end":{"line":77,"column":12}},"loc":{"start":{"line":77,"column":33},"end":{"line":83,"column":1}},"line":77},"5":{"name":"(anonymous_5)","decl":{"start":{"line":85,"column":19},"end":{"line":85,"column":20}},"loc":{"start":{"line":85,"column":29},"end":{"line":87,"column":1}},"line":85},"6":{"name":"(anonymous_6)","decl":{"start":{"line":89,"column":8},"end":{"line":89,"column":9}},"loc":{"start":{"line":89,"column":18},"end":{"line":91,"column":1}},"line":89},"7":{"name":"(anonymous_7)","decl":{"start":{"line":93,"column":13},"end":{"line":93,"column":14}},"loc":{"start":{"line":93,"column":18},"end":{"line":93,"column":35}},"line":93},"8":{"name":"(anonymous_8)","decl":{"start":{"line":94,"column":14},"end":{"line":94,"column":15}},"loc":{"start":{"line":94,"column":26},"end":{"line":94,"column":46}},"line":94},"9":{"name":"(anonymous_9)","decl":{"start":{"line":95,"column":20},"end":{"line":95,"column":21}},"loc":{"start":{"line":95,"column":32},"end":{"line":95,"column":59}},"line":95}},"branchMap":{"0":{"loc":{"start":{"line":6,"column":4},"end":{"line":12,"column":5}},"type":"if","locations":[{"start":{"line":6,"column":4},"end":{"line":12,"column":5}},{"start":{"line":8,"column":11},"end":{"line":12,"column":5}}],"line":6},"1":{"loc":{"start":{"line":8,"column":11},"end":{"line":12,"column":5}},"type":"if","locations":[{"start":{"line":8,"column":11},"end":{"line":12,"column":5}},{"start":{"line":10,"column":11},"end":{"line":12,"column":5}}],"line":8},"2":{"loc":{"start":{"line":11,"column":17},"end":{"line":11,"column":142}},"type":"cond-expr","locations":[{"start":{"line":11,"column":113},"end":{"line":11,"column":127}},{"start":{"line":11,"column":130},"end":{"line":11,"column":142}}],"line":11},"3":{"loc":{"start":{"line":14,"column":4},"end":{"line":19,"column":5}},"type":"if","locations":[{"start":{"line":14,"column":4},"end":{"line":19,"column":5}},{"start":{},"end":{}}],"line":14},"4":{"loc":{"start":{"line":27,"column":52},"end":{"line":27,"column":86}},"type":"cond-expr","locations":[{"start":{"line":27,"column":67},"end":{"line":27,"column":76}},{"start":{"line":27,"column":79},"end":{"line":27,"column":86}}],"line":27},"5":{"loc":{"start":{"line":30,"column":18},"end":{"line":30,"column":55}},"type":"cond-expr","locations":[{"start":{"line":30,"column":33},"end":{"line":30,"column":42}},{"start":{"line":30,"column":45},"end":{"line":30,"column":55}}],"line":30},"6":{"loc":{"start":{"line":39,"column":52},"end":{"line":39,"column":87}},"type":"cond-expr","locations":[{"start":{"line":39,"column":68},"end":{"line":39,"column":77}},{"start":{"line":39,"column":80},"end":{"line":39,"column":87}}],"line":39},"7":{"loc":{"start":{"line":42,"column":18},"end":{"line":42,"column":56}},"type":"cond-expr","locations":[{"start":{"line":42,"column":34},"end":{"line":42,"column":43}},{"start":{"line":42,"column":46},"end":{"line":42,"column":56}}],"line":42},"8":{"loc":{"start":{"line":53,"column":8},"end":{"line":55,"column":9}},"type":"if","locations":[{"start":{"line":53,"column":8},"end":{"line":55,"column":9}},{"start":{},"end":{}}],"line":53},"9":{"loc":{"start":{"line":56,"column":8},"end":{"line":68,"column":9}},"type":"if","locations":[{"start":{"line":56,"column":8},"end":{"line":68,"column":9}},{"start":{"line":62,"column":15},"end":{"line":68,"column":9}}],"line":56},"10":{"loc":{"start":{"line":62,"column":15},"end":{"line":68,"column":9}},"type":"if","locations":[{"start":{"line":62,"column":15},"end":{"line":68,"column":9}},{"start":{"line":65,"column":15},"end":{"line":68,"column":9}}],"line":62},"11":{"loc":{"start":{"line":77,"column":18},"end":{"line":77,"column":28}},"type":"default-arg","locations":[{"start":{"line":77,"column":27},"end":{"line":77,"column":28}}],"line":77},"12":{"loc":{"start":{"line":78,"column":11},"end":{"line":82,"column":48}},"type":"binary-expr","locations":[{"start":{"line":78,"column":11},"end":{"line":78,"column":33}},{"start":{"line":79,"column":8},"end":{"line":79,"column":48}},{"start":{"line":80,"column":8},"end":{"line":80,"column":48}},{"start":{"line":81,"column":8},"end":{"line":81,"column":48}},{"start":{"line":82,"column":8},"end":{"line":82,"column":48}}],"line":78},"13":{"loc":{"start":{"line":86,"column":11},"end":{"line":86,"column":82}},"type":"binary-expr","locations":[{"start":{"line":86,"column":11},"end":{"line":86,"column":23}},{"start":{"line":86,"column":27},"end":{"line":86,"column":82}}],"line":86},"14":{"loc":{"start":{"line":90,"column":11},"end":{"line":90,"column":70}},"type":"binary-expr","locations":[{"start":{"line":90,"column":11},"end":{"line":90,"column":38}},{"start":{"line":90,"column":42},"end":{"line":90,"column":70}}],"line":90}},"s":{"0":1,"1":0,"2":0,"3":0,"4":0,"5":0,"6":0,"7":0,"8":0,"9":0,"10":0,"11":1,"12":0,"13":0,"14":0,"15":0,"16":0,"17":0,"18":1,"19":0,"20":0,"21":0,"22":0,"23":0,"24":0,"25":1,"26":0,"27":0,"28":0,"29":0,"30":0,"31":0,"32":0,"33":0,"34":0,"35":0,"36":0,"37":0,"38":1,"39":0,"40":1,"41":0,"42":1,"43":0,"44":1,"45":52,"46":1,"47":0,"48":1,"49":0},"f":{"0":0,"1":0,"2":0,"3":0,"4":0,"5":0,"6":0,"7":52,"8":0,"9":0},"b":{"0":[0,0],"1":[0,0],"2":[0,0],"3":[0,0],"4":[0,0],"5":[0,0],"6":[0,0],"7":[0,0],"8":[0,0],"9":[0,0],"10":[0,0],"11":[0],"12":[0,0,0,0,0],"13":[0,0],"14":[0,0]},"inputSourceMap":null,"_coverageSchema":"1a1c01bbd47fc00a2c39e90264f33305004495a9","hash":"0df640445255d3edb39c370a80791825c742e1ae"}
,"D:\\Projects\\ninja\\tests\\math.js": {"path":"D:\\Projects\\ninja\\tests\\math.js","statementMap":{"0":{"start":{"line":1,"column":0},"end":{"line":1,"column":49}},"1":{"start":{"line":1,"column":21},"end":{"line":1,"column":48}},"2":{"start":{"line":2,"column":0},"end":{"line":2,"column":40}},"3":{"start":{"line":2,"column":23},"end":{"line":2,"column":39}},"4":{"start":{"line":3,"column":0},"end":{"line":3,"column":54}},"5":{"start":{"line":3,"column":20},"end":{"line":3,"column":53}},"6":{"start":{"line":4,"column":0},"end":{"line":4,"column":62}},"7":{"start":{"line":4,"column":28},"end":{"line":4,"column":61}},"8":{"start":{"line":5,"column":0},"end":{"line":5,"column":43}},"9":{"start":{"line":5,"column":17},"end":{"line":5,"column":42}},"10":{"start":{"line":6,"column":0},"end":{"line":6,"column":43}},"11":{"start":{"line":6,"column":17},"end":{"line":6,"column":42}},"12":{"start":{"line":7,"column":0},"end":{"line":7,"column":53}},"13":{"start":{"line":7,"column":25},"end":{"line":7,"column":52}},"14":{"start":{"line":8,"column":0},"end":{"line":8,"column":73}},"15":{"start":{"line":8,"column":35},"end":{"line":8,"column":72}},"16":{"start":{"line":9,"column":0},"end":{"line":9,"column":39}},"17":{"start":{"line":9,"column":12},"end":{"line":9,"column":38}},"18":{"start":{"line":12,"column":0},"end":{"line":21,"column":2}},"19":{"start":{"line":13,"column":4},"end":{"line":13,"column":20}},"20":{"start":{"line":14,"column":4},"end":{"line":16,"column":5}},"21":{"start":{"line":15,"column":8},"end":{"line":15,"column":19}},"22":{"start":{"line":17,"column":4},"end":{"line":19,"column":5}},"23":{"start":{"line":18,"column":8},"end":{"line":18,"column":19}},"24":{"start":{"line":20,"column":4},"end":{"line":20,"column":13}},"25":{"start":{"line":24,"column":13},"end":{"line":24,"column":17}},"26":{"start":{"line":27,"column":0},"end":{"line":27,"column":21}}},"fnMap":{"0":{"name":"(anonymous_0)","decl":{"start":{"line":1,"column":8},"end":{"line":1,"column":9}},"loc":{"start":{"line":1,"column":21},"end":{"line":1,"column":48}},"line":1},"1":{"name":"(anonymous_1)","decl":{"start":{"line":2,"column":10},"end":{"line":2,"column":11}},"loc":{"start":{"line":2,"column":23},"end":{"line":2,"column":39}},"line":2},"2":{"name":"(anonymous_2)","decl":{"start":{"line":3,"column":6},"end":{"line":3,"column":7}},"loc":{"start":{"line":3,"column":20},"end":{"line":3,"column":53}},"line":3},"3":{"name":"(anonymous_3)","decl":{"start":{"line":4,"column":8},"end":{"line":4,"column":9}},"loc":{"start":{"line":4,"column":28},"end":{"line":4,"column":61}},"line":4},"4":{"name":"(anonymous_4)","decl":{"start":{"line":5,"column":7},"end":{"line":5,"column":8}},"loc":{"start":{"line":5,"column":17},"end":{"line":5,"column":42}},"line":5},"5":{"name":"(anonymous_5)","decl":{"start":{"line":6,"column":12},"end":{"line":6,"column":13}},"loc":{"start":{"line":6,"column":17},"end":{"line":6,"column":42}},"line":6},"6":{"name":"(anonymous_6)","decl":{"start":{"line":7,"column":15},"end":{"line":7,"column":16}},"loc":{"start":{"line":7,"column":25},"end":{"line":7,"column":52}},"line":7},"7":{"name":"(anonymous_7)","decl":{"start":{"line":8,"column":17},"end":{"line":8,"column":18}},"loc":{"start":{"line":8,"column":35},"end":{"line":8,"column":72}},"line":8},"8":{"name":"(anonymous_8)","decl":{"start":{"line":9,"column":7},"end":{"line":9,"column":8}},"loc":{"start":{"line":9,"column":12},"end":{"line":9,"column":38}},"line":9},"9":{"name":"(anonymous_9)","decl":{"start":{"line":12,"column":21},"end":{"line":12,"column":22}},"loc":{"start":{"line":12,"column":31},"end":{"line":21,"column":1}},"line":12}},"branchMap":{"0":{"loc":{"start":{"line":1,"column":21},"end":{"line":1,"column":48}},"type":"cond-expr","locations":[{"start":{"line":1,"column":29},"end":{"line":1,"column":30}},{"start":{"line":1,"column":34},"end":{"line":1,"column":47}}],"line":1},"1":{"loc":{"start":{"line":1,"column":34},"end":{"line":1,"column":47}},"type":"cond-expr","locations":[{"start":{"line":1,"column":42},"end":{"line":1,"column":43}},{"start":{"line":1,"column":46},"end":{"line":1,"column":47}}],"line":1},"2":{"loc":{"start":{"line":2,"column":23},"end":{"line":2,"column":39}},"type":"binary-expr","locations":[{"start":{"line":2,"column":23},"end":{"line":2,"column":29}},{"start":{"line":2,"column":33},"end":{"line":2,"column":39}}],"line":2},"3":{"loc":{"start":{"line":14,"column":4},"end":{"line":16,"column":5}},"type":"if","locations":[{"start":{"line":14,"column":4},"end":{"line":16,"column":5}},{"start":{},"end":{}}],"line":14},"4":{"loc":{"start":{"line":17,"column":4},"end":{"line":19,"column":5}},"type":"if","locations":[{"start":{"line":17,"column":4},"end":{"line":19,"column":5}},{"start":{},"end":{}}],"line":17}},"s":{"0":1,"1":13,"2":1,"3":0,"4":1,"5":13,"6":1,"7":0,"8":1,"9":0,"10":1,"11":0,"12":1,"13":0,"14":1,"15":6,"16":1,"17":0,"18":1,"19":0,"20":0,"21":0,"22":0,"23":0,"24":0,"25":1,"26":1},"f":{"0":13,"1":0,"2":13,"3":0,"4":0,"5":0,"6":0,"7":6,"8":0,"9":0},"b":{"0":[0,13],"1":[0,13],"2":[0,0],"3":[0,0],"4":[0,0]},"inputSourceMap":null,"_coverageSchema":"1a1c01bbd47fc00a2c39e90264f33305004495a9","hash":"e042fc314d1451728fa5b0a497fa5b90861f1dbd"}
,"D:\\Projects\\ninja\\tests\\playerMock.js": {"path":"D:\\Projects\\ninja\\tests\\playerMock.js","statementMap":{"0":{"start":{"line":3,"column":8},"end":{"line":3,"column":27}},"1":{"start":{"line":4,"column":8},"end":{"line":4,"column":19}},"2":{"start":{"line":5,"column":8},"end":{"line":5,"column":19}},"3":{"start":{"line":6,"column":8},"end":{"line":6,"column":27}},"4":{"start":{"line":8,"column":8},"end":{"line":8,"column":30}},"5":{"start":{"line":9,"column":8},"end":{"line":9,"column":24}},"6":{"start":{"line":10,"column":8},"end":{"line":10,"column":29}},"7":{"start":{"line":11,"column":8},"end":{"line":11,"column":29}},"8":{"start":{"line":13,"column":8},"end":{"line":13,"column":30}},"9":{"start":{"line":14,"column":8},"end":{"line":14,"column":33}},"10":{"start":{"line":15,"column":8},"end":{"line":15,"column":28}},"11":{"start":{"line":16,"column":8},"end":{"line":16,"column":26}},"12":{"start":{"line":17,"column":8},"end":{"line":17,"column":30}},"13":{"start":{"line":18,"column":8},"end":{"line":18,"column":42}},"14":{"start":{"line":19,"column":8},"end":{"line":19,"column":61}},"15":{"start":{"line":21,"column":8},"end":{"line":21,"column":33}},"16":{"start":{"line":22,"column":8},"end":{"line":22,"column":34}},"17":{"start":{"line":24,"column":8},"end":{"line":24,"column":23}},"18":{"start":{"line":26,"column":8},"end":{"line":26,"column":31}},"19":{"start":{"line":30,"column":8},"end":{"line":30,"column":28}},"20":{"start":{"line":31,"column":8},"end":{"line":31,"column":28}},"21":{"start":{"line":32,"column":8},"end":{"line":32,"column":25}},"22":{"start":{"line":36,"column":22},"end":{"line":36,"column":44}},"23":{"start":{"line":37,"column":23},"end":{"line":37,"column":49}},"24":{"start":{"line":38,"column":24},"end":{"line":38,"column":50}},"25":{"start":{"line":40,"column":8},"end":{"line":40,"column":69}},"26":{"start":{"line":45,"column":8},"end":{"line":47,"column":9}},"27":{"start":{"line":46,"column":12},"end":{"line":46,"column":25}},"28":{"start":{"line":50,"column":8},"end":{"line":52,"column":9}},"29":{"start":{"line":51,"column":12},"end":{"line":51,"column":25}},"30":{"start":{"line":55,"column":8},"end":{"line":57,"column":9}},"31":{"start":{"line":56,"column":12},"end":{"line":56,"column":25}},"32":{"start":{"line":59,"column":8},"end":{"line":59,"column":20}},"33":{"start":{"line":63,"column":8},"end":{"line":63,"column":67}},"34":{"start":{"line":67,"column":24},"end":{"line":67,"column":25}},"35":{"start":{"line":68,"column":8},"end":{"line":72,"column":32}},"36":{"start":{"line":69,"column":24},"end":{"line":69,"column":46}},"37":{"start":{"line":70,"column":12},"end":{"line":70,"column":29}},"38":{"start":{"line":71,"column":12},"end":{"line":71,"column":31}},"39":{"start":{"line":77,"column":8},"end":{"line":77,"column":33}},"40":{"start":{"line":78,"column":8},"end":{"line":78,"column":33}},"41":{"start":{"line":79,"column":8},"end":{"line":79,"column":41}},"42":{"start":{"line":80,"column":8},"end":{"line":80,"column":43}},"43":{"start":{"line":81,"column":8},"end":{"line":81,"column":43}},"44":{"start":{"line":82,"column":8},"end":{"line":82,"column":55}},"45":{"start":{"line":84,"column":8},"end":{"line":84,"column":24}},"46":{"start":{"line":86,"column":28},"end":{"line":86,"column":40}},"47":{"start":{"line":87,"column":8},"end":{"line":87,"column":62}},"48":{"start":{"line":90,"column":8},"end":{"line":94,"column":9}},"49":{"start":{"line":91,"column":12},"end":{"line":91,"column":35}},"50":{"start":{"line":93,"column":12},"end":{"line":93,"column":34}},"51":{"start":{"line":96,"column":8},"end":{"line":115,"column":9}},"52":{"start":{"line":97,"column":12},"end":{"line":97,"column":38}},"53":{"start":{"line":98,"column":12},"end":{"line":98,"column":37}},"54":{"start":{"line":99,"column":12},"end":{"line":99,"column":44}},"55":{"start":{"line":102,"column":12},"end":{"line":107,"column":13}},"56":{"start":{"line":103,"column":16},"end":{"line":103,"column":61}},"57":{"start":{"line":106,"column":16},"end":{"line":106,"column":42}},"58":{"start":{"line":112,"column":12},"end":{"line":112,"column":24}},"59":{"start":{"line":114,"column":12},"end":{"line":114,"column":24}},"60":{"start":{"line":117,"column":8},"end":{"line":126,"column":9}},"61":{"start":{"line":118,"column":34},"end":{"line":118,"column":102}},"62":{"start":{"line":119,"column":33},"end":{"line":119,"column":84}},"63":{"start":{"line":120,"column":27},"end":{"line":120,"column":71}},"64":{"start":{"line":124,"column":12},"end":{"line":124,"column":57}},"65":{"start":{"line":125,"column":12},"end":{"line":125,"column":53}},"66":{"start":{"line":128,"column":8},"end":{"line":145,"column":9}},"67":{"start":{"line":130,"column":30},"end":{"line":130,"column":83}},"68":{"start":{"line":131,"column":12},"end":{"line":131,"column":98}},"69":{"start":{"line":134,"column":28},"end":{"line":134,"column":111}},"70":{"start":{"line":135,"column":12},"end":{"line":135,"column":57}},"71":{"start":{"line":136,"column":12},"end":{"line":142,"column":13}},"72":{"start":{"line":138,"column":16},"end":{"line":138,"column":64}},"73":{"start":{"line":139,"column":16},"end":{"line":139,"column":42}},"74":{"start":{"line":144,"column":12},"end":{"line":144,"column":34}},"75":{"start":{"line":149,"column":17},"end":{"line":149,"column":18}},"76":{"start":{"line":149,"column":31},"end":{"line":149,"column":32}},"77":{"start":{"line":151,"column":8},"end":{"line":156,"column":9}},"78":{"start":{"line":152,"column":12},"end":{"line":152,"column":20}},"79":{"start":{"line":153,"column":12},"end":{"line":153,"column":48}},"80":{"start":{"line":154,"column":12},"end":{"line":154,"column":36}},"81":{"start":{"line":157,"column":8},"end":{"line":161,"column":9}},"82":{"start":{"line":158,"column":12},"end":{"line":158,"column":19}},"83":{"start":{"line":159,"column":12},"end":{"line":159,"column":47}},"84":{"start":{"line":160,"column":12},"end":{"line":160,"column":36}},"85":{"start":{"line":163,"column":8},"end":{"line":165,"column":9}},"86":{"start":{"line":164,"column":12},"end":{"line":164,"column":29}},"87":{"start":{"line":166,"column":8},"end":{"line":168,"column":9}},"88":{"start":{"line":167,"column":12},"end":{"line":167,"column":52}},"89":{"start":{"line":170,"column":8},"end":{"line":170,"column":26}},"90":{"start":{"line":172,"column":39},"end":{"line":172,"column":129}},"91":{"start":{"line":173,"column":8},"end":{"line":177,"column":10}},"92":{"start":{"line":178,"column":8},"end":{"line":178,"column":30}},"93":{"start":{"line":180,"column":8},"end":{"line":180,"column":24}},"94":{"start":{"line":182,"column":8},"end":{"line":185,"column":9}},"95":{"start":{"line":183,"column":12},"end":{"line":183,"column":39}},"96":{"start":{"line":184,"column":12},"end":{"line":184,"column":39}},"97":{"start":{"line":188,"column":8},"end":{"line":188,"column":69}},"98":{"start":{"line":188,"column":46},"end":{"line":188,"column":67}},"99":{"start":{"line":191,"column":25},"end":{"line":191,"column":86}},"100":{"start":{"line":192,"column":8},"end":{"line":192,"column":46}},"101":{"start":{"line":193,"column":8},"end":{"line":193,"column":67}},"102":{"start":{"line":194,"column":8},"end":{"line":194,"column":44}},"103":{"start":{"line":197,"column":8},"end":{"line":212,"column":9}},"104":{"start":{"line":198,"column":52},"end":{"line":198,"column":56}},"105":{"start":{"line":200,"column":31},"end":{"line":206,"column":13}},"106":{"start":{"line":202,"column":20},"end":{"line":202,"column":53}},"107":{"start":{"line":203,"column":20},"end":{"line":203,"column":36}},"108":{"start":{"line":204,"column":20},"end":{"line":204,"column":71}},"109":{"start":{"line":208,"column":12},"end":{"line":208,"column":52}},"110":{"start":{"line":209,"column":12},"end":{"line":211,"column":15}},"111":{"start":{"line":210,"column":16},"end":{"line":210,"column":59}},"112":{"start":{"line":214,"column":8},"end":{"line":224,"column":9}},"113":{"start":{"line":215,"column":12},"end":{"line":223,"column":13}},"114":{"start":{"line":215,"column":25},"end":{"line":215,"column":26}},"115":{"start":{"line":216,"column":16},"end":{"line":222,"column":19}},"116":{"start":{"line":229,"column":40},"end":{"line":229,"column":43}},"117":{"start":{"line":230,"column":8},"end":{"line":236,"column":9}},"118":{"start":{"line":230,"column":21},"end":{"line":230,"column":22}},"119":{"start":{"line":231,"column":29},"end":{"line":231,"column":60}},"120":{"start":{"line":232,"column":12},"end":{"line":235,"column":13}},"121":{"start":{"line":233,"column":16},"end":{"line":233,"column":51}},"122":{"start":{"line":234,"column":16},"end":{"line":234,"column":53}},"123":{"start":{"line":238,"column":8},"end":{"line":241,"column":9}},"124":{"start":{"line":239,"column":12},"end":{"line":239,"column":41}},"125":{"start":{"line":240,"column":12},"end":{"line":240,"column":41}},"126":{"start":{"line":243,"column":8},"end":{"line":243,"column":33}},"127":{"start":{"line":247,"column":22},"end":{"line":247,"column":44}},"128":{"start":{"line":248,"column":23},"end":{"line":248,"column":45}},"129":{"start":{"line":249,"column":21},"end":{"line":249,"column":43}},"130":{"start":{"line":250,"column":24},"end":{"line":250,"column":46}},"131":{"start":{"line":252,"column":24},"end":{"line":252,"column":41}},"132":{"start":{"line":253,"column":25},"end":{"line":253,"column":43}},"133":{"start":{"line":254,"column":23},"end":{"line":254,"column":39}},"134":{"start":{"line":255,"column":26},"end":{"line":255,"column":45}},"135":{"start":{"line":257,"column":24},"end":{"line":257,"column":45}},"136":{"start":{"line":258,"column":25},"end":{"line":258,"column":47}},"137":{"start":{"line":259,"column":27},"end":{"line":259,"column":51}},"138":{"start":{"line":260,"column":28},"end":{"line":260,"column":53}},"139":{"start":{"line":262,"column":22},"end":{"line":262,"column":47}},"140":{"start":{"line":263,"column":22},"end":{"line":263,"column":47}},"141":{"start":{"line":264,"column":8},"end":{"line":269,"column":9}},"142":{"start":{"line":264,"column":23},"end":{"line":264,"column":30}},"143":{"start":{"line":265,"column":12},"end":{"line":268,"column":14}},"144":{"start":{"line":270,"column":8},"end":{"line":275,"column":9}},"145":{"start":{"line":270,"column":23},"end":{"line":270,"column":29}},"146":{"start":{"line":271,"column":12},"end":{"line":274,"column":14}},"147":{"start":{"line":277,"column":20},"end":{"line":277,"column":22}},"148":{"start":{"line":278,"column":8},"end":{"line":285,"column":12}},"149":{"start":{"line":278,"column":29},"end":{"line":285,"column":10}},"150":{"start":{"line":279,"column":12},"end":{"line":284,"column":13}},"151":{"start":{"line":280,"column":16},"end":{"line":283,"column":19}},"152":{"start":{"line":286,"column":8},"end":{"line":286,"column":19}},"153":{"start":{"line":290,"column":8},"end":{"line":298,"column":9}},"154":{"start":{"line":290,"column":21},"end":{"line":290,"column":22}},"155":{"start":{"line":291,"column":12},"end":{"line":297,"column":15}},"156":{"start":{"line":301,"column":8},"end":{"line":301,"column":20}},"157":{"start":{"line":305,"column":8},"end":{"line":313,"column":9}},"158":{"start":{"line":305,"column":21},"end":{"line":305,"column":22}},"159":{"start":{"line":306,"column":12},"end":{"line":312,"column":15}},"160":{"start":{"line":318,"column":25},"end":{"line":318,"column":29}},"161":{"start":{"line":320,"column":31},"end":{"line":320,"column":56}},"162":{"start":{"line":321,"column":27},"end":{"line":321,"column":75}},"163":{"start":{"line":323,"column":8},"end":{"line":337,"column":9}},"164":{"start":{"line":325,"column":12},"end":{"line":325,"column":43}},"165":{"start":{"line":327,"column":12},"end":{"line":330,"column":13}},"166":{"start":{"line":328,"column":16},"end":{"line":328,"column":50}},"167":{"start":{"line":329,"column":16},"end":{"line":329,"column":40}},"168":{"start":{"line":331,"column":15},"end":{"line":337,"column":9}},"169":{"start":{"line":332,"column":12},"end":{"line":332,"column":46}},"170":{"start":{"line":335,"column":12},"end":{"line":335,"column":38}},"171":{"start":{"line":336,"column":12},"end":{"line":336,"column":36}},"172":{"start":{"line":339,"column":24},"end":{"line":339,"column":35}},"173":{"start":{"line":340,"column":37},"end":{"line":340,"column":58}},"174":{"start":{"line":343,"column":8},"end":{"line":345,"column":9}},"175":{"start":{"line":344,"column":12},"end":{"line":344,"column":24}},"176":{"start":{"line":348,"column":8},"end":{"line":350,"column":9}},"177":{"start":{"line":349,"column":12},"end":{"line":349,"column":53}},"178":{"start":{"line":353,"column":8},"end":{"line":355,"column":9}},"179":{"start":{"line":354,"column":12},"end":{"line":354,"column":34}},"180":{"start":{"line":358,"column":22},"end":{"line":358,"column":48}},"181":{"start":{"line":359,"column":23},"end":{"line":359,"column":49}},"182":{"start":{"line":360,"column":8},"end":{"line":362,"column":9}},"183":{"start":{"line":361,"column":12},"end":{"line":361,"column":38}},"184":{"start":{"line":364,"column":8},"end":{"line":368,"column":9}},"185":{"start":{"line":365,"column":12},"end":{"line":365,"column":42}},"186":{"start":{"line":366,"column":12},"end":{"line":366,"column":42}},"187":{"start":{"line":367,"column":12},"end":{"line":367,"column":61}},"188":{"start":{"line":372,"column":8},"end":{"line":380,"column":10}},"189":{"start":{"line":384,"column":8},"end":{"line":384,"column":50}},"190":{"start":{"line":387,"column":8},"end":{"line":391,"column":11}},"191":{"start":{"line":389,"column":12},"end":{"line":389,"column":38}},"192":{"start":{"line":390,"column":12},"end":{"line":390,"column":68}},"193":{"start":{"line":397,"column":0},"end":{"line":397,"column":24}}},"fnMap":{"0":{"name":"(anonymous_0)","decl":{"start":{"line":2,"column":4},"end":{"line":2,"column":5}},"loc":{"start":{"line":2,"column":29},"end":{"line":33,"column":5}},"line":2},"1":{"name":"(anonymous_1)","decl":{"start":{"line":35,"column":4},"end":{"line":35,"column":5}},"loc":{"start":{"line":35,"column":17},"end":{"line":41,"column":5}},"line":35},"2":{"name":"(anonymous_2)","decl":{"start":{"line":43,"column":4},"end":{"line":43,"column":5}},"loc":{"start":{"line":43,"column":18},"end":{"line":60,"column":5}},"line":43},"3":{"name":"(anonymous_3)","decl":{"start":{"line":62,"column":4},"end":{"line":62,"column":5}},"loc":{"start":{"line":62,"column":19},"end":{"line":64,"column":5}},"line":62},"4":{"name":"(anonymous_4)","decl":{"start":{"line":66,"column":4},"end":{"line":66,"column":5}},"loc":{"start":{"line":66,"column":13},"end":{"line":73,"column":5}},"line":66},"5":{"name":"(anonymous_5)","decl":{"start":{"line":75,"column":4},"end":{"line":75,"column":5}},"loc":{"start":{"line":75,"column":16},"end":{"line":225,"column":5}},"line":75},"6":{"name":"(anonymous_6)","decl":{"start":{"line":188,"column":34},"end":{"line":188,"column":35}},"loc":{"start":{"line":188,"column":46},"end":{"line":188,"column":67}},"line":188},"7":{"name":"(anonymous_7)","decl":{"start":{"line":201,"column":26},"end":{"line":201,"column":27}},"loc":{"start":{"line":201,"column":32},"end":{"line":205,"column":17}},"line":201},"8":{"name":"(anonymous_8)","decl":{"start":{"line":209,"column":64},"end":{"line":209,"column":65}},"loc":{"start":{"line":209,"column":70},"end":{"line":211,"column":13}},"line":209},"9":{"name":"(anonymous_9)","decl":{"start":{"line":227,"column":4},"end":{"line":227,"column":5}},"loc":{"start":{"line":227,"column":50},"end":{"line":244,"column":5}},"line":227},"10":{"name":"(anonymous_10)","decl":{"start":{"line":246,"column":4},"end":{"line":246,"column":5}},"loc":{"start":{"line":246,"column":25},"end":{"line":287,"column":5}},"line":246},"11":{"name":"(anonymous_11)","decl":{"start":{"line":278,"column":22},"end":{"line":278,"column":23}},"loc":{"start":{"line":278,"column":29},"end":{"line":285,"column":10}},"line":278},"12":{"name":"(anonymous_12)","decl":{"start":{"line":278,"column":43},"end":{"line":278,"column":44}},"loc":{"start":{"line":278,"column":50},"end":{"line":285,"column":9}},"line":278},"13":{"name":"(anonymous_13)","decl":{"start":{"line":289,"column":4},"end":{"line":289,"column":5}},"loc":{"start":{"line":289,"column":12},"end":{"line":302,"column":5}},"line":289},"14":{"name":"(anonymous_14)","decl":{"start":{"line":304,"column":4},"end":{"line":304,"column":5}},"loc":{"start":{"line":304,"column":12},"end":{"line":314,"column":5}},"line":304},"15":{"name":"(anonymous_15)","decl":{"start":{"line":316,"column":4},"end":{"line":316,"column":5}},"loc":{"start":{"line":316,"column":15},"end":{"line":369,"column":5}},"line":316},"16":{"name":"(anonymous_16)","decl":{"start":{"line":371,"column":4},"end":{"line":371,"column":5}},"loc":{"start":{"line":371,"column":32},"end":{"line":381,"column":5}},"line":371},"17":{"name":"(anonymous_17)","decl":{"start":{"line":383,"column":4},"end":{"line":383,"column":5}},"loc":{"start":{"line":383,"column":13},"end":{"line":392,"column":5}},"line":383},"18":{"name":"(anonymous_18)","decl":{"start":{"line":387,"column":13},"end":{"line":387,"column":14}},"loc":{"start":{"line":387,"column":19},"end":{"line":391,"column":9}},"line":387}},"branchMap":{"0":{"loc":{"start":{"line":40,"column":15},"end":{"line":40,"column":68}},"type":"binary-expr","locations":[{"start":{"line":40,"column":15},"end":{"line":40,"column":39}},{"start":{"line":40,"column":43},"end":{"line":40,"column":68}}],"line":40},"1":{"loc":{"start":{"line":45,"column":8},"end":{"line":47,"column":9}},"type":"if","locations":[{"start":{"line":45,"column":8},"end":{"line":47,"column":9}},{"start":{},"end":{}}],"line":45},"2":{"loc":{"start":{"line":50,"column":8},"end":{"line":52,"column":9}},"type":"if","locations":[{"start":{"line":50,"column":8},"end":{"line":52,"column":9}},{"start":{},"end":{}}],"line":50},"3":{"loc":{"start":{"line":50,"column":12},"end":{"line":50,"column":47}},"type":"binary-expr","locations":[{"start":{"line":50,"column":12},"end":{"line":50,"column":25}},{"start":{"line":50,"column":29},"end":{"line":50,"column":47}}],"line":50},"4":{"loc":{"start":{"line":55,"column":8},"end":{"line":57,"column":9}},"type":"if","locations":[{"start":{"line":55,"column":8},"end":{"line":57,"column":9}},{"start":{},"end":{}}],"line":55},"5":{"loc":{"start":{"line":55,"column":12},"end":{"line":55,"column":123}},"type":"binary-expr","locations":[{"start":{"line":55,"column":12},"end":{"line":55,"column":55}},{"start":{"line":55,"column":59},"end":{"line":55,"column":123}}],"line":55},"6":{"loc":{"start":{"line":87,"column":28},"end":{"line":87,"column":61}},"type":"binary-expr","locations":[{"start":{"line":87,"column":28},"end":{"line":87,"column":45}},{"start":{"line":87,"column":49},"end":{"line":87,"column":61}}],"line":87},"7":{"loc":{"start":{"line":90,"column":8},"end":{"line":94,"column":9}},"type":"if","locations":[{"start":{"line":90,"column":8},"end":{"line":94,"column":9}},{"start":{"line":92,"column":15},"end":{"line":94,"column":9}}],"line":90},"8":{"loc":{"start":{"line":96,"column":8},"end":{"line":115,"column":9}},"type":"if","locations":[{"start":{"line":96,"column":8},"end":{"line":115,"column":9}},{"start":{},"end":{}}],"line":96},"9":{"loc":{"start":{"line":96,"column":12},"end":{"line":96,"column":39}},"type":"binary-expr","locations":[{"start":{"line":96,"column":12},"end":{"line":96,"column":23}},{"start":{"line":96,"column":27},"end":{"line":96,"column":39}}],"line":96},"10":{"loc":{"start":{"line":102,"column":12},"end":{"line":107,"column":13}},"type":"if","locations":[{"start":{"line":102,"column":12},"end":{"line":107,"column":13}},{"start":{},"end":{}}],"line":102},"11":{"loc":{"start":{"line":117,"column":8},"end":{"line":126,"column":9}},"type":"if","locations":[{"start":{"line":117,"column":8},"end":{"line":126,"column":9}},{"start":{},"end":{}}],"line":117},"12":{"loc":{"start":{"line":117,"column":12},"end":{"line":117,"column":45}},"type":"binary-expr","locations":[{"start":{"line":117,"column":12},"end":{"line":117,"column":23}},{"start":{"line":117,"column":27},"end":{"line":117,"column":45}}],"line":117},"13":{"loc":{"start":{"line":128,"column":8},"end":{"line":145,"column":9}},"type":"if","locations":[{"start":{"line":128,"column":8},"end":{"line":145,"column":9}},{"start":{"line":132,"column":15},"end":{"line":145,"column":9}}],"line":128},"14":{"loc":{"start":{"line":134,"column":28},"end":{"line":134,"column":111}},"type":"cond-expr","locations":[{"start":{"line":134,"column":63},"end":{"line":134,"column":88}},{"start":{"line":134,"column":91},"end":{"line":134,"column":111}}],"line":134},"15":{"loc":{"start":{"line":134,"column":28},"end":{"line":134,"column":60}},"type":"binary-expr","locations":[{"start":{"line":134,"column":28},"end":{"line":134,"column":45}},{"start":{"line":134,"column":49},"end":{"line":134,"column":60}}],"line":134},"16":{"loc":{"start":{"line":136,"column":12},"end":{"line":142,"column":13}},"type":"if","locations":[{"start":{"line":136,"column":12},"end":{"line":142,"column":13}},{"start":{},"end":{}}],"line":136},"17":{"loc":{"start":{"line":151,"column":8},"end":{"line":156,"column":9}},"type":"if","locations":[{"start":{"line":151,"column":8},"end":{"line":156,"column":9}},{"start":{},"end":{}}],"line":151},"18":{"loc":{"start":{"line":157,"column":8},"end":{"line":161,"column":9}},"type":"if","locations":[{"start":{"line":157,"column":8},"end":{"line":161,"column":9}},{"start":{},"end":{}}],"line":157},"19":{"loc":{"start":{"line":163,"column":8},"end":{"line":165,"column":9}},"type":"if","locations":[{"start":{"line":163,"column":8},"end":{"line":165,"column":9}},{"start":{},"end":{}}],"line":163},"20":{"loc":{"start":{"line":163,"column":12},"end":{"line":163,"column":29}},"type":"binary-expr","locations":[{"start":{"line":163,"column":12},"end":{"line":163,"column":23}},{"start":{"line":163,"column":27},"end":{"line":163,"column":29}}],"line":163},"21":{"loc":{"start":{"line":166,"column":8},"end":{"line":168,"column":9}},"type":"if","locations":[{"start":{"line":166,"column":8},"end":{"line":168,"column":9}},{"start":{},"end":{}}],"line":166},"22":{"loc":{"start":{"line":172,"column":39},"end":{"line":172,"column":129}},"type":"cond-expr","locations":[{"start":{"line":172,"column":53},"end":{"line":172,"column":89}},{"start":{"line":172,"column":92},"end":{"line":172,"column":129}}],"line":172},"23":{"loc":{"start":{"line":182,"column":8},"end":{"line":185,"column":9}},"type":"if","locations":[{"start":{"line":182,"column":8},"end":{"line":185,"column":9}},{"start":{},"end":{}}],"line":182},"24":{"loc":{"start":{"line":191,"column":25},"end":{"line":191,"column":86}},"type":"cond-expr","locations":[{"start":{"line":191,"column":58},"end":{"line":191,"column":81}},{"start":{"line":191,"column":84},"end":{"line":191,"column":86}}],"line":191},"25":{"loc":{"start":{"line":197,"column":8},"end":{"line":212,"column":9}},"type":"if","locations":[{"start":{"line":197,"column":8},"end":{"line":212,"column":9}},{"start":{},"end":{}}],"line":197},"26":{"loc":{"start":{"line":197,"column":12},"end":{"line":197,"column":66}},"type":"binary-expr","locations":[{"start":{"line":197,"column":12},"end":{"line":197,"column":24}},{"start":{"line":197,"column":28},"end":{"line":197,"column":46}},{"start":{"line":197,"column":50},"end":{"line":197,"column":66}}],"line":197},"27":{"loc":{"start":{"line":214,"column":8},"end":{"line":224,"column":9}},"type":"if","locations":[{"start":{"line":214,"column":8},"end":{"line":224,"column":9}},{"start":{},"end":{}}],"line":214},"28":{"loc":{"start":{"line":232,"column":12},"end":{"line":235,"column":13}},"type":"if","locations":[{"start":{"line":232,"column":12},"end":{"line":235,"column":13}},{"start":{},"end":{}}],"line":232},"29":{"loc":{"start":{"line":238,"column":8},"end":{"line":241,"column":9}},"type":"if","locations":[{"start":{"line":238,"column":8},"end":{"line":241,"column":9}},{"start":{},"end":{}}],"line":238},"30":{"loc":{"start":{"line":279,"column":12},"end":{"line":284,"column":13}},"type":"if","locations":[{"start":{"line":279,"column":12},"end":{"line":284,"column":13}},{"start":{},"end":{}}],"line":279},"31":{"loc":{"start":{"line":323,"column":8},"end":{"line":337,"column":9}},"type":"if","locations":[{"start":{"line":323,"column":8},"end":{"line":337,"column":9}},{"start":{"line":331,"column":15},"end":{"line":337,"column":9}}],"line":323},"32":{"loc":{"start":{"line":327,"column":12},"end":{"line":330,"column":13}},"type":"if","locations":[{"start":{"line":327,"column":12},"end":{"line":330,"column":13}},{"start":{},"end":{}}],"line":327},"33":{"loc":{"start":{"line":331,"column":15},"end":{"line":337,"column":9}},"type":"if","locations":[{"start":{"line":331,"column":15},"end":{"line":337,"column":9}},{"start":{},"end":{}}],"line":331},"34":{"loc":{"start":{"line":343,"column":8},"end":{"line":345,"column":9}},"type":"if","locations":[{"start":{"line":343,"column":8},"end":{"line":345,"column":9}},{"start":{},"end":{}}],"line":343},"35":{"loc":{"start":{"line":343,"column":12},"end":{"line":343,"column":65}},"type":"binary-expr","locations":[{"start":{"line":343,"column":12},"end":{"line":343,"column":19}},{"start":{"line":343,"column":23},"end":{"line":343,"column":65}}],"line":343},"36":{"loc":{"start":{"line":348,"column":8},"end":{"line":350,"column":9}},"type":"if","locations":[{"start":{"line":348,"column":8},"end":{"line":350,"column":9}},{"start":{},"end":{}}],"line":348},"37":{"loc":{"start":{"line":348,"column":12},"end":{"line":348,"column":35}},"type":"binary-expr","locations":[{"start":{"line":348,"column":12},"end":{"line":348,"column":19}},{"start":{"line":348,"column":23},"end":{"line":348,"column":35}}],"line":348},"38":{"loc":{"start":{"line":353,"column":8},"end":{"line":355,"column":9}},"type":"if","locations":[{"start":{"line":353,"column":8},"end":{"line":355,"column":9}},{"start":{},"end":{}}],"line":353},"39":{"loc":{"start":{"line":353,"column":12},"end":{"line":353,"column":64}},"type":"binary-expr","locations":[{"start":{"line":353,"column":12},"end":{"line":353,"column":23}},{"start":{"line":353,"column":27},"end":{"line":353,"column":52}},{"start":{"line":353,"column":56},"end":{"line":353,"column":64}}],"line":353},"40":{"loc":{"start":{"line":360,"column":8},"end":{"line":362,"column":9}},"type":"if","locations":[{"start":{"line":360,"column":8},"end":{"line":362,"column":9}},{"start":{},"end":{}}],"line":360},"41":{"loc":{"start":{"line":360,"column":12},"end":{"line":360,"column":65}},"type":"binary-expr","locations":[{"start":{"line":360,"column":12},"end":{"line":360,"column":36}},{"start":{"line":360,"column":40},"end":{"line":360,"column":65}}],"line":360},"42":{"loc":{"start":{"line":364,"column":8},"end":{"line":368,"column":9}},"type":"if","locations":[{"start":{"line":364,"column":8},"end":{"line":368,"column":9}},{"start":{},"end":{}}],"line":364}},"s":{"0":21,"1":21,"2":21,"3":21,"4":21,"5":21,"6":21,"7":21,"8":21,"9":21,"10":21,"11":21,"12":21,"13":21,"14":21,"15":21,"16":21,"17":21,"18":21,"19":21,"20":21,"21":21,"22":91,"23":91,"24":91,"25":91,"26":13,"27":1,"28":12,"29":1,"30":11,"31":1,"32":10,"33":27,"34":0,"35":0,"36":0,"37":0,"38":0,"39":13,"40":13,"41":13,"42":13,"43":13,"44":13,"45":13,"46":13,"47":13,"48":13,"49":6,"50":7,"51":13,"52":6,"53":6,"54":6,"55":6,"56":1,"57":1,"58":6,"59":6,"60":13,"61":6,"62":6,"63":6,"64":6,"65":6,"66":13,"67":6,"68":6,"69":7,"70":7,"71":7,"72":0,"73":0,"74":7,"75":13,"76":13,"77":13,"78":0,"79":0,"80":0,"81":13,"82":0,"83":0,"84":0,"85":13,"86":0,"87":13,"88":0,"89":13,"90":13,"91":13,"92":13,"93":13,"94":13,"95":13,"96":13,"97":13,"98":3,"99":13,"100":13,"101":13,"102":13,"103":13,"104":0,"105":0,"106":0,"107":0,"108":0,"109":0,"110":0,"111":0,"112":13,"113":0,"114":0,"115":0,"116":13,"117":13,"118":13,"119":0,"120":0,"121":0,"122":0,"123":13,"124":0,"125":0,"126":13,"127":13,"128":13,"129":13,"130":13,"131":13,"132":13,"133":13,"134":13,"135":13,"136":13,"137":13,"138":13,"139":13,"140":13,"141":13,"142":13,"143":13,"144":13,"145":13,"146":21,"147":13,"148":13,"149":52,"150":272,"151":0,"152":13,"153":0,"154":0,"155":0,"156":0,"157":0,"158":0,"159":0,"160":13,"161":13,"162":13,"163":13,"164":13,"165":13,"166":0,"167":0,"168":0,"169":0,"170":0,"171":0,"172":13,"173":13,"174":13,"175":0,"176":13,"177":0,"178":13,"179":13,"180":13,"181":13,"182":13,"183":0,"184":13,"185":0,"186":0,"187":0,"188":0,"189":0,"190":0,"191":0,"192":0,"193":1},"f":{"0":21,"1":91,"2":13,"3":27,"4":0,"5":13,"6":3,"7":0,"8":0,"9":13,"10":13,"11":52,"12":272,"13":0,"14":0,"15":13,"16":0,"17":0,"18":0},"b":{"0":[91,0],"1":[1,12],"2":[1,11],"3":[12,2],"4":[1,10],"5":[11,5],"6":[13,0],"7":[6,7],"8":[6,7],"9":[13,6],"10":[1,5],"11":[6,7],"12":[13,6],"13":[6,7],"14":[0,7],"15":[7,0],"16":[0,7],"17":[0,13],"18":[0,13],"19":[0,13],"20":[13,13],"21":[0,13],"22":[13,0],"23":[13,0],"24":[0,13],"25":[0,13],"26":[13,0,0],"27":[0,13],"28":[0,0],"29":[0,13],"30":[0,272],"31":[13,0],"32":[0,13],"33":[0,0],"34":[0,13],"35":[13,0],"36":[0,13],"37":[13,0],"38":[13,0],"39":[13,0,0],"40":[0,13],"41":[13,0],"42":[0,13]},"inputSourceMap":null,"_coverageSchema":"1a1c01bbd47fc00a2c39e90264f33305004495a9","hash":"7f8a348146f98810afabac871a5c07369065dca4"}
}
