{"D:\\Projects\\ninja\\src\\js\\util\\interp.js": {"path":"D:\\Projects\\ninja\\src\\js\\util\\interp.js","statementMap":{"0":{"start":{"line":1,"column":0},"end":{"line":1,"column":16}},"1":{"start":{"line":1,"column":14},"end":{"line":1,"column":15}},"2":{"start":{"line":2,"column":0},"end":{"line":2,"column":31}},"3":{"start":{"line":2,"column":19},"end":{"line":2,"column":30}},"4":{"start":{"line":3,"column":0},"end":{"line":3,"column":46}},"5":{"start":{"line":3,"column":20},"end":{"line":3,"column":45}},"6":{"start":{"line":4,"column":0},"end":{"line":4,"column":37}},"7":{"start":{"line":4,"column":19},"end":{"line":4,"column":36}},"8":{"start":{"line":5,"column":0},"end":{"line":5,"column":87}},"9":{"start":{"line":5,"column":22},"end":{"line":5,"column":86}},"10":{"start":{"line":7,"column":0},"end":{"line":33,"column":2}},"11":{"start":{"line":17,"column":19},"end":{"line":17,"column":20}},"12":{"start":{"line":19,"column":26},"end":{"line":31,"column":5}},"13":{"start":{"line":21,"column":12},"end":{"line":21,"column":26}},"14":{"start":{"line":23,"column":36},"end":{"line":23,"column":85}},"15":{"start":{"line":24,"column":12},"end":{"line":24,"column":100}},"16":{"start":{"line":26,"column":12},"end":{"line":29,"column":13}},"17":{"start":{"line":27,"column":16},"end":{"line":27,"column":54}},"18":{"start":{"line":28,"column":16},"end":{"line":28,"column":45}},"19":{"start":{"line":32,"column":4},"end":{"line":32,"column":39}},"20":{"start":{"line":35,"column":0},"end":{"line":35,"column":20}}},"fnMap":{"0":{"name":"(anonymous_0)","decl":{"start":{"line":1,"column":9},"end":{"line":1,"column":10}},"loc":{"start":{"line":1,"column":14},"end":{"line":1,"column":15}},"line":1},"1":{"name":"(anonymous_1)","decl":{"start":{"line":2,"column":14},"end":{"line":2,"column":15}},"loc":{"start":{"line":2,"column":19},"end":{"line":2,"column":30}},"line":2},"2":{"name":"(anonymous_2)","decl":{"start":{"line":3,"column":15},"end":{"line":3,"column":16}},"loc":{"start":{"line":3,"column":20},"end":{"line":3,"column":45}},"line":3},"3":{"name":"(anonymous_3)","decl":{"start":{"line":4,"column":14},"end":{"line":4,"column":15}},"loc":{"start":{"line":4,"column":19},"end":{"line":4,"column":36}},"line":4},"4":{"name":"(anonymous_4)","decl":{"start":{"line":5,"column":17},"end":{"line":5,"column":18}},"loc":{"start":{"line":5,"column":22},"end":{"line":5,"column":86}},"line":5},"5":{"name":"(anonymous_5)","decl":{"start":{"line":7,"column":9},"end":{"line":7,"column":10}},"loc":{"start":{"line":16,"column":5},"end":{"line":33,"column":1}},"line":16},"6":{"name":"(anonymous_6)","decl":{"start":{"line":20,"column":17},"end":{"line":20,"column":18}},"loc":{"start":{"line":20,"column":22},"end":{"line":30,"column":9}},"line":20}},"branchMap":{"0":{"loc":{"start":{"line":5,"column":22},"end":{"line":5,"column":86}},"type":"cond-expr","locations":[{"start":{"line":5,"column":31},"end":{"line":5,"column":44}},{"start":{"line":5,"column":47},"end":{"line":5,"column":86}}],"line":5},"1":{"loc":{"start":{"line":23,"column":58},"end":{"line":23,"column":68}},"type":"binary-expr","locations":[{"start":{"line":23,"column":58},"end":{"line":23,"column":63}},{"start":{"line":23,"column":67},"end":{"line":23,"column":68}}],"line":23},"2":{"loc":{"start":{"line":24,"column":29},"end":{"line":24,"column":45}},"type":"binary-expr","locations":[{"start":{"line":24,"column":29},"end":{"line":24,"column":35}},{"start":{"line":24,"column":39},"end":{"line":24,"column":45}}],"line":24},"3":{"loc":{"start":{"line":26,"column":12},"end":{"line":29,"column":13}},"type":"if","locations":[{"start":{"line":26,"column":12},"end":{"line":29,"column":13}},{"start":{},"end":{}}],"line":26},"4":{"loc":{"start":{"line":28,"column":16},"end":{"line":28,"column":44}},"type":"binary-expr","locations":[{"start":{"line":28,"column":16},"end":{"line":28,"column":27}},{"start":{"line":28,"column":31},"end":{"line":28,"column":44}}],"line":28}},"s":{"0":1,"1":0,"2":1,"3":0,"4":1,"5":0,"6":1,"7":0,"8":1,"9":0,"10":1,"11":1,"12":1,"13":0,"14":0,"15":0,"16":0,"17":0,"18":0,"19":1,"20":1},"f":{"0":0,"1":0,"2":0,"3":0,"4":0,"5":1,"6":0},"b":{"0":[0,0],"1":[0,0],"2":[0,0],"3":[0,0],"4":[0,0]},"inputSourceMap":null,"_coverageSchema":"1a1c01bbd47fc00a2c39e90264f33305004495a9","hash":"0b22362001a6125ce77108d98eed09fbdaf8ef28"}
,"D:\\Projects\\ninja\\src\\js\\util\\raycasting.js": {"path":"D:\\Projects\\ninja\\src\\js\\util\\raycasting.js","statementMap":{"0":{"start":{"line":1,"column":0},"end":{"line":22,"column":1}},"1":{"start":{"line":2,"column":27},"end":{"line":2,"column":74}},"2":{"start":{"line":3,"column":25},"end":{"line":3,"column":70}},"3":{"start":{"line":6,"column":4},"end":{"line":12,"column":5}},"4":{"start":{"line":7,"column":8},"end":{"line":7,"column":28}},"5":{"start":{"line":8,"column":11},"end":{"line":12,"column":5}},"6":{"start":{"line":9,"column":8},"end":{"line":9,"column":30}},"7":{"start":{"line":11,"column":8},"end":{"line":11,"column":143}},"8":{"start":{"line":14,"column":4},"end":{"line":19,"column":5}},"9":{"start":{"line":15,"column":8},"end":{"line":18,"column":10}},"10":{"start":{"line":21,"column":4},"end":{"line":21,"column":18}},"11":{"start":{"line":24,"column":0},"end":{"line":34,"column":1}},"12":{"start":{"line":25,"column":25},"end":{"line":25,"column":39}},"13":{"start":{"line":27,"column":14},"end":{"line":27,"column":87}},"14":{"start":{"line":28,"column":14},"end":{"line":28,"column":48}},"15":{"start":{"line":30,"column":18},"end":{"line":30,"column":55}},"16":{"start":{"line":31,"column":18},"end":{"line":31,"column":36}},"17":{"start":{"line":33,"column":4},"end":{"line":33,"column":51}},"18":{"start":{"line":36,"column":0},"end":{"line":46,"column":1}},"19":{"start":{"line":37,"column":26},"end":{"line":37,"column":40}},"20":{"start":{"line":39,"column":14},"end":{"line":39,"column":88}},"21":{"start":{"line":40,"column":14},"end":{"line":40,"column":48}},"22":{"start":{"line":42,"column":18},"end":{"line":42,"column":56}},"23":{"start":{"line":43,"column":18},"end":{"line":43,"column":36}},"24":{"start":{"line":45,"column":4},"end":{"line":45,"column":51}},"25":{"start":{"line":48,"column":0},"end":{"line":75,"column":1}},"26":{"start":{"line":49,"column":12},"end":{"line":49,"column":18}},"27":{"start":{"line":50,"column":12},"end":{"line":50,"column":18}},"28":{"start":{"line":52,"column":4},"end":{"line":69,"column":5}},"29":{"start":{"line":53,"column":8},"end":{"line":55,"column":9}},"30":{"start":{"line":54,"column":12},"end":{"line":54,"column":31}},"31":{"start":{"line":56,"column":8},"end":{"line":68,"column":9}},"32":{"start":{"line":58,"column":12},"end":{"line":61,"column":14}},"33":{"start":{"line":62,"column":15},"end":{"line":68,"column":9}},"34":{"start":{"line":64,"column":12},"end":{"line":64,"column":18}},"35":{"start":{"line":66,"column":12},"end":{"line":66,"column":23}},"36":{"start":{"line":67,"column":12},"end":{"line":67,"column":23}},"37":{"start":{"line":71,"column":4},"end":{"line":74,"column":6}},"38":{"start":{"line":77,"column":0},"end":{"line":83,"column":1}},"39":{"start":{"line":78,"column":4},"end":{"line":82,"column":49}},"40":{"start":{"line":85,"column":0},"end":{"line":87,"column":1}},"41":{"start":{"line":86,"column":4},"end":{"line":86,"column":83}},"42":{"start":{"line":89,"column":0},"end":{"line":91,"column":1}},"43":{"start":{"line":90,"column":4},"end":{"line":90,"column":71}},"44":{"start":{"line":93,"column":0},"end":{"line":93,"column":36}},"45":{"start":{"line":93,"column":18},"end":{"line":93,"column":35}},"46":{"start":{"line":94,"column":0},"end":{"line":94,"column":47}},"47":{"start":{"line":94,"column":26},"end":{"line":94,"column":46}},"48":{"start":{"line":95,"column":0},"end":{"line":95,"column":59}},"49":{"start":{"line":95,"column":32},"end":{"line":95,"column":59}}},"fnMap":{"0":{"name":"(anonymous_0)","decl":{"start":{"line":1,"column":10},"end":{"line":1,"column":11}},"loc":{"start":{"line":1,"column":40},"end":{"line":22,"column":1}},"line":1},"1":{"name":"(anonymous_1)","decl":{"start":{"line":24,"column":24},"end":{"line":24,"column":25}},"loc":{"start":{"line":24,"column":64},"end":{"line":34,"column":1}},"line":24},"2":{"name":"(anonymous_2)","decl":{"start":{"line":36,"column":22},"end":{"line":36,"column":23}},"loc":{"start":{"line":36,"column":62},"end":{"line":46,"column":1}},"line":36},"3":{"name":"(anonymous_3)","decl":{"start":{"line":48,"column":9},"end":{"line":48,"column":10}},"loc":{"start":{"line":48,"column":56},"end":{"line":75,"column":1}},"line":48},"4":{"name":"(anonymous_4)","decl":{"start":{"line":77,"column":11},"end":{"line":77,"column":12}},"loc":{"start":{"line":77,"column":33},"end":{"line":83,"column":1}},"line":77},"5":{"name":"(anonymous_5)","decl":{"start":{"line":85,"column":19},"end":{"line":85,"column":20}},"loc":{"start":{"line":85,"column":29},"end":{"line":87,"column":1}},"line":85},"6":{"name":"(anonymous_6)","decl":{"start":{"line":89,"column":8},"end":{"line":89,"column":9}},"loc":{"start":{"line":89,"column":18},"end":{"line":91,"column":1}},"line":89},"7":{"name":"(anonymous_7)","decl":{"start":{"line":93,"column":13},"end":{"line":93,"column":14}},"loc":{"start":{"line":93,"column":18},"end":{"line":93,"column":35}},"line":93},"8":{"name":"(anonymous_8)","decl":{"start":{"line":94,"column":14},"end":{"line":94,"column":15}},"loc":{"start":{"line":94,"column":26},"end":{"line":94,"column":46}},"line":94},"9":{"name":"(anonymous_9)","decl":{"start":{"line":95,"column":20},"end":{"line":95,"column":21}},"loc":{"start":{"line":95,"column":32},"end":{"line":95,"column":59}},"line":95}},"branchMap":{"0":{"loc":{"start":{"line":6,"column":4},"end":{"line":12,"column":5}},"type":"if","locations":[{"start":{"line":6,"column":4},"end":{"line":12,"column":5}},{"start":{"line":8,"column":11},"end":{"line":12,"column":5}}],"line":6},"1":{"loc":{"start":{"line":8,"column":11},"end":{"line":12,"column":5}},"type":"if","locations":[{"start":{"line":8,"column":11},"end":{"line":12,"column":5}},{"start":{"line":10,"column":11},"end":{"line":12,"column":5}}],"line":8},"2":{"loc":{"start":{"line":11,"column":17},"end":{"line":11,"column":142}},"type":"cond-expr","locations":[{"start":{"line":11,"column":113},"end":{"line":11,"column":127}},{"start":{"line":11,"column":130},"end":{"line":11,"column":142}}],"line":11},"3":{"loc":{"start":{"line":14,"column":4},"end":{"line":19,"column":5}},"type":"if","locations":[{"start":{"line":14,"column":4},"end":{"line":19,"column":5}},{"start":{},"end":{}}],"line":14},"4":{"loc":{"start":{"line":27,"column":52},"end":{"line":27,"column":86}},"type":"cond-expr","locations":[{"start":{"line":27,"column":67},"end":{"line":27,"column":76}},{"start":{"line":27,"column":79},"end":{"line":27,"column":86}}],"line":27},"5":{"loc":{"start":{"line":30,"column":18},"end":{"line":30,"column":55}},"type":"cond-expr","locations":[{"start":{"line":30,"column":33},"end":{"line":30,"column":42}},{"start":{"line":30,"column":45},"end":{"line":30,"column":55}}],"line":30},"6":{"loc":{"start":{"line":39,"column":52},"end":{"line":39,"column":87}},"type":"cond-expr","locations":[{"start":{"line":39,"column":68},"end":{"line":39,"column":77}},{"start":{"line":39,"column":80},"end":{"line":39,"column":87}}],"line":39},"7":{"loc":{"start":{"line":42,"column":18},"end":{"line":42,"column":56}},"type":"cond-expr","locations":[{"start":{"line":42,"column":34},"end":{"line":42,"column":43}},{"start":{"line":42,"column":46},"end":{"line":42,"column":56}}],"line":42},"8":{"loc":{"start":{"line":53,"column":8},"end":{"line":55,"column":9}},"type":"if","locations":[{"start":{"line":53,"column":8},"end":{"line":55,"column":9}},{"start":{},"end":{}}],"line":53},"9":{"loc":{"start":{"line":56,"column":8},"end":{"line":68,"column":9}},"type":"if","locations":[{"start":{"line":56,"column":8},"end":{"line":68,"column":9}},{"start":{"line":62,"column":15},"end":{"line":68,"column":9}}],"line":56},"10":{"loc":{"start":{"line":62,"column":15},"end":{"line":68,"column":9}},"type":"if","locations":[{"start":{"line":62,"column":15},"end":{"line":68,"column":9}},{"start":{"line":65,"column":15},"end":{"line":68,"column":9}}],"line":62},"11":{"loc":{"start":{"line":77,"column":18},"end":{"line":77,"column":28}},"type":"default-arg","locations":[{"start":{"line":77,"column":27},"end":{"line":77,"column":28}}],"line":77},"12":{"loc":{"start":{"line":78,"column":11},"end":{"line":82,"column":48}},"type":"binary-expr","locations":[{"start":{"line":78,"column":11},"end":{"line":78,"column":33}},{"start":{"line":79,"column":8},"end":{"line":79,"column":48}},{"start":{"line":80,"column":8},"end":{"line":80,"column":48}},{"start":{"line":81,"column":8},"end":{"line":81,"column":48}},{"start":{"line":82,"column":8},"end":{"line":82,"column":48}}],"line":78},"13":{"loc":{"start":{"line":86,"column":11},"end":{"line":86,"column":82}},"type":"binary-expr","locations":[{"start":{"line":86,"column":11},"end":{"line":86,"column":23}},{"start":{"line":86,"column":27},"end":{"line":86,"column":82}}],"line":86},"14":{"loc":{"start":{"line":90,"column":11},"end":{"line":90,"column":70}},"type":"binary-expr","locations":[{"start":{"line":90,"column":11},"end":{"line":90,"column":38}},{"start":{"line":90,"column":42},"end":{"line":90,"column":70}}],"line":90}},"s":{"0":2,"1":0,"2":0,"3":0,"4":0,"5":0,"6":0,"7":0,"8":0,"9":0,"10":0,"11":2,"12":0,"13":0,"14":0,"15":0,"16":0,"17":0,"18":2,"19":0,"20":0,"21":0,"22":0,"23":0,"24":0,"25":2,"26":0,"27":0,"28":0,"29":0,"30":0,"31":0,"32":0,"33":0,"34":0,"35":0,"36":0,"37":0,"38":2,"39":112,"40":2,"41":560,"42":2,"43":560,"44":2,"45":320,"46":2,"47":0,"48":2,"49":0},"f":{"0":0,"1":0,"2":0,"3":0,"4":112,"5":560,"6":560,"7":320,"8":0,"9":0},"b":{"0":[0,0],"1":[0,0],"2":[0,0],"3":[0,0],"4":[0,0],"5":[0,0],"6":[0,0],"7":[0,0],"8":[0,0],"9":[0,0],"10":[0,0],"11":[40],"12":[112,112,112,112,112],"13":[560,0],"14":[560,12]},"inputSourceMap":null,"_coverageSchema":"1a1c01bbd47fc00a2c39e90264f33305004495a9","hash":"0df640445255d3edb39c370a80791825c742e1ae"}
,"D:\\Projects\\ninja\\tests\\math.js": {"path":"D:\\Projects\\ninja\\tests\\math.js","statementMap":{"0":{"start":{"line":1,"column":0},"end":{"line":1,"column":49}},"1":{"start":{"line":1,"column":21},"end":{"line":1,"column":48}},"2":{"start":{"line":2,"column":0},"end":{"line":2,"column":40}},"3":{"start":{"line":2,"column":23},"end":{"line":2,"column":39}},"4":{"start":{"line":3,"column":0},"end":{"line":3,"column":54}},"5":{"start":{"line":3,"column":20},"end":{"line":3,"column":53}},"6":{"start":{"line":4,"column":0},"end":{"line":4,"column":67}},"7":{"start":{"line":4,"column":28},"end":{"line":4,"column":66}},"8":{"start":{"line":5,"column":0},"end":{"line":5,"column":43}},"9":{"start":{"line":5,"column":17},"end":{"line":5,"column":42}},"10":{"start":{"line":6,"column":0},"end":{"line":6,"column":43}},"11":{"start":{"line":6,"column":17},"end":{"line":6,"column":42}},"12":{"start":{"line":7,"column":0},"end":{"line":7,"column":53}},"13":{"start":{"line":7,"column":25},"end":{"line":7,"column":52}},"14":{"start":{"line":8,"column":0},"end":{"line":8,"column":73}},"15":{"start":{"line":8,"column":35},"end":{"line":8,"column":72}},"16":{"start":{"line":9,"column":0},"end":{"line":9,"column":39}},"17":{"start":{"line":9,"column":12},"end":{"line":9,"column":38}},"18":{"start":{"line":12,"column":0},"end":{"line":21,"column":2}},"19":{"start":{"line":13,"column":4},"end":{"line":13,"column":20}},"20":{"start":{"line":14,"column":4},"end":{"line":16,"column":5}},"21":{"start":{"line":15,"column":8},"end":{"line":15,"column":19}},"22":{"start":{"line":17,"column":4},"end":{"line":19,"column":5}},"23":{"start":{"line":18,"column":8},"end":{"line":18,"column":19}},"24":{"start":{"line":20,"column":4},"end":{"line":20,"column":13}},"25":{"start":{"line":24,"column":13},"end":{"line":24,"column":17}},"26":{"start":{"line":27,"column":0},"end":{"line":27,"column":21}}},"fnMap":{"0":{"name":"(anonymous_0)","decl":{"start":{"line":1,"column":8},"end":{"line":1,"column":9}},"loc":{"start":{"line":1,"column":21},"end":{"line":1,"column":48}},"line":1},"1":{"name":"(anonymous_1)","decl":{"start":{"line":2,"column":10},"end":{"line":2,"column":11}},"loc":{"start":{"line":2,"column":23},"end":{"line":2,"column":39}},"line":2},"2":{"name":"(anonymous_2)","decl":{"start":{"line":3,"column":6},"end":{"line":3,"column":7}},"loc":{"start":{"line":3,"column":20},"end":{"line":3,"column":53}},"line":3},"3":{"name":"(anonymous_3)","decl":{"start":{"line":4,"column":8},"end":{"line":4,"column":9}},"loc":{"start":{"line":4,"column":28},"end":{"line":4,"column":66}},"line":4},"4":{"name":"(anonymous_4)","decl":{"start":{"line":5,"column":7},"end":{"line":5,"column":8}},"loc":{"start":{"line":5,"column":17},"end":{"line":5,"column":42}},"line":5},"5":{"name":"(anonymous_5)","decl":{"start":{"line":6,"column":12},"end":{"line":6,"column":13}},"loc":{"start":{"line":6,"column":17},"end":{"line":6,"column":42}},"line":6},"6":{"name":"(anonymous_6)","decl":{"start":{"line":7,"column":15},"end":{"line":7,"column":16}},"loc":{"start":{"line":7,"column":25},"end":{"line":7,"column":52}},"line":7},"7":{"name":"(anonymous_7)","decl":{"start":{"line":8,"column":17},"end":{"line":8,"column":18}},"loc":{"start":{"line":8,"column":35},"end":{"line":8,"column":72}},"line":8},"8":{"name":"(anonymous_8)","decl":{"start":{"line":9,"column":7},"end":{"line":9,"column":8}},"loc":{"start":{"line":9,"column":12},"end":{"line":9,"column":38}},"line":9},"9":{"name":"(anonymous_9)","decl":{"start":{"line":12,"column":21},"end":{"line":12,"column":22}},"loc":{"start":{"line":12,"column":31},"end":{"line":21,"column":1}},"line":12}},"branchMap":{"0":{"loc":{"start":{"line":1,"column":21},"end":{"line":1,"column":48}},"type":"cond-expr","locations":[{"start":{"line":1,"column":29},"end":{"line":1,"column":30}},{"start":{"line":1,"column":34},"end":{"line":1,"column":47}}],"line":1},"1":{"loc":{"start":{"line":1,"column":34},"end":{"line":1,"column":47}},"type":"cond-expr","locations":[{"start":{"line":1,"column":42},"end":{"line":1,"column":43}},{"start":{"line":1,"column":46},"end":{"line":1,"column":47}}],"line":1},"2":{"loc":{"start":{"line":2,"column":23},"end":{"line":2,"column":39}},"type":"binary-expr","locations":[{"start":{"line":2,"column":23},"end":{"line":2,"column":29}},{"start":{"line":2,"column":33},"end":{"line":2,"column":39}}],"line":2},"3":{"loc":{"start":{"line":14,"column":4},"end":{"line":16,"column":5}},"type":"if","locations":[{"start":{"line":14,"column":4},"end":{"line":16,"column":5}},{"start":{},"end":{}}],"line":14},"4":{"loc":{"start":{"line":17,"column":4},"end":{"line":19,"column":5}},"type":"if","locations":[{"start":{"line":17,"column":4},"end":{"line":19,"column":5}},{"start":{},"end":{}}],"line":17}},"s":{"0":2,"1":80,"2":2,"3":572,"4":2,"5":80,"6":2,"7":96,"8":2,"9":96,"10":2,"11":0,"12":2,"13":0,"14":2,"15":6,"16":2,"17":0,"18":2,"19":0,"20":0,"21":0,"22":0,"23":0,"24":0,"25":2,"26":2},"f":{"0":80,"1":572,"2":80,"3":96,"4":96,"5":0,"6":0,"7":6,"8":0,"9":0},"b":{"0":[0,80],"1":[0,80],"2":[572,298],"3":[0,0],"4":[0,0]},"inputSourceMap":null,"_coverageSchema":"1a1c01bbd47fc00a2c39e90264f33305004495a9","hash":"7bf4ea5e9bec59a3e1cd2337bfecc51ee9b2bd47"}
,"D:\\Projects\\ninja\\tests\\playerMock.js": {"path":"D:\\Projects\\ninja\\tests\\playerMock.js","statementMap":{"0":{"start":{"line":3,"column":8},"end":{"line":3,"column":27}},"1":{"start":{"line":4,"column":8},"end":{"line":4,"column":19}},"2":{"start":{"line":5,"column":8},"end":{"line":5,"column":19}},"3":{"start":{"line":6,"column":8},"end":{"line":6,"column":27}},"4":{"start":{"line":8,"column":8},"end":{"line":8,"column":30}},"5":{"start":{"line":9,"column":8},"end":{"line":9,"column":24}},"6":{"start":{"line":10,"column":8},"end":{"line":10,"column":29}},"7":{"start":{"line":11,"column":8},"end":{"line":11,"column":29}},"8":{"start":{"line":13,"column":8},"end":{"line":13,"column":30}},"9":{"start":{"line":14,"column":8},"end":{"line":14,"column":33}},"10":{"start":{"line":15,"column":8},"end":{"line":15,"column":28}},"11":{"start":{"line":16,"column":8},"end":{"line":16,"column":26}},"12":{"start":{"line":17,"column":8},"end":{"line":17,"column":30}},"13":{"start":{"line":18,"column":8},"end":{"line":18,"column":42}},"14":{"start":{"line":19,"column":8},"end":{"line":19,"column":61}},"15":{"start":{"line":21,"column":8},"end":{"line":21,"column":33}},"16":{"start":{"line":22,"column":8},"end":{"line":22,"column":34}},"17":{"start":{"line":24,"column":8},"end":{"line":24,"column":23}},"18":{"start":{"line":26,"column":8},"end":{"line":26,"column":31}},"19":{"start":{"line":30,"column":8},"end":{"line":30,"column":28}},"20":{"start":{"line":31,"column":8},"end":{"line":31,"column":28}},"21":{"start":{"line":32,"column":8},"end":{"line":32,"column":25}},"22":{"start":{"line":37,"column":22},"end":{"line":37,"column":44}},"23":{"start":{"line":38,"column":23},"end":{"line":38,"column":49}},"24":{"start":{"line":39,"column":24},"end":{"line":39,"column":50}},"25":{"start":{"line":41,"column":8},"end":{"line":41,"column":69}},"26":{"start":{"line":46,"column":8},"end":{"line":48,"column":9}},"27":{"start":{"line":47,"column":12},"end":{"line":47,"column":25}},"28":{"start":{"line":51,"column":8},"end":{"line":53,"column":9}},"29":{"start":{"line":52,"column":12},"end":{"line":52,"column":25}},"30":{"start":{"line":56,"column":8},"end":{"line":58,"column":9}},"31":{"start":{"line":57,"column":12},"end":{"line":57,"column":25}},"32":{"start":{"line":60,"column":8},"end":{"line":60,"column":20}},"33":{"start":{"line":64,"column":8},"end":{"line":64,"column":67}},"34":{"start":{"line":68,"column":24},"end":{"line":68,"column":25}},"35":{"start":{"line":69,"column":8},"end":{"line":73,"column":32}},"36":{"start":{"line":70,"column":24},"end":{"line":70,"column":51}},"37":{"start":{"line":71,"column":12},"end":{"line":71,"column":29}},"38":{"start":{"line":72,"column":12},"end":{"line":72,"column":31}},"39":{"start":{"line":78,"column":8},"end":{"line":78,"column":33}},"40":{"start":{"line":79,"column":8},"end":{"line":79,"column":33}},"41":{"start":{"line":80,"column":8},"end":{"line":80,"column":41}},"42":{"start":{"line":81,"column":8},"end":{"line":81,"column":43}},"43":{"start":{"line":82,"column":8},"end":{"line":82,"column":43}},"44":{"start":{"line":83,"column":8},"end":{"line":83,"column":55}},"45":{"start":{"line":85,"column":8},"end":{"line":85,"column":24}},"46":{"start":{"line":87,"column":28},"end":{"line":87,"column":40}},"47":{"start":{"line":88,"column":8},"end":{"line":88,"column":62}},"48":{"start":{"line":91,"column":8},"end":{"line":95,"column":9}},"49":{"start":{"line":92,"column":12},"end":{"line":92,"column":35}},"50":{"start":{"line":94,"column":12},"end":{"line":94,"column":34}},"51":{"start":{"line":97,"column":8},"end":{"line":116,"column":9}},"52":{"start":{"line":98,"column":12},"end":{"line":98,"column":38}},"53":{"start":{"line":99,"column":12},"end":{"line":99,"column":37}},"54":{"start":{"line":100,"column":12},"end":{"line":100,"column":44}},"55":{"start":{"line":103,"column":12},"end":{"line":108,"column":13}},"56":{"start":{"line":104,"column":16},"end":{"line":104,"column":61}},"57":{"start":{"line":107,"column":16},"end":{"line":107,"column":42}},"58":{"start":{"line":113,"column":12},"end":{"line":113,"column":24}},"59":{"start":{"line":115,"column":12},"end":{"line":115,"column":24}},"60":{"start":{"line":118,"column":8},"end":{"line":127,"column":9}},"61":{"start":{"line":119,"column":34},"end":{"line":119,"column":102}},"62":{"start":{"line":120,"column":33},"end":{"line":120,"column":84}},"63":{"start":{"line":121,"column":27},"end":{"line":121,"column":71}},"64":{"start":{"line":125,"column":12},"end":{"line":125,"column":57}},"65":{"start":{"line":126,"column":12},"end":{"line":126,"column":53}},"66":{"start":{"line":129,"column":8},"end":{"line":145,"column":9}},"67":{"start":{"line":131,"column":30},"end":{"line":131,"column":83}},"68":{"start":{"line":132,"column":12},"end":{"line":132,"column":98}},"69":{"start":{"line":135,"column":28},"end":{"line":135,"column":111}},"70":{"start":{"line":136,"column":12},"end":{"line":136,"column":57}},"71":{"start":{"line":137,"column":12},"end":{"line":142,"column":13}},"72":{"start":{"line":138,"column":16},"end":{"line":138,"column":64}},"73":{"start":{"line":139,"column":16},"end":{"line":139,"column":42}},"74":{"start":{"line":144,"column":12},"end":{"line":144,"column":34}},"75":{"start":{"line":149,"column":17},"end":{"line":149,"column":18}},"76":{"start":{"line":149,"column":31},"end":{"line":149,"column":32}},"77":{"start":{"line":151,"column":8},"end":{"line":156,"column":9}},"78":{"start":{"line":152,"column":12},"end":{"line":152,"column":20}},"79":{"start":{"line":153,"column":12},"end":{"line":153,"column":48}},"80":{"start":{"line":154,"column":12},"end":{"line":154,"column":36}},"81":{"start":{"line":157,"column":8},"end":{"line":161,"column":9}},"82":{"start":{"line":158,"column":12},"end":{"line":158,"column":19}},"83":{"start":{"line":159,"column":12},"end":{"line":159,"column":47}},"84":{"start":{"line":160,"column":12},"end":{"line":160,"column":36}},"85":{"start":{"line":162,"column":8},"end":{"line":164,"column":9}},"86":{"start":{"line":163,"column":12},"end":{"line":163,"column":29}},"87":{"start":{"line":165,"column":8},"end":{"line":167,"column":9}},"88":{"start":{"line":166,"column":12},"end":{"line":166,"column":52}},"89":{"start":{"line":169,"column":8},"end":{"line":169,"column":26}},"90":{"start":{"line":171,"column":39},"end":{"line":171,"column":129}},"91":{"start":{"line":172,"column":8},"end":{"line":176,"column":10}},"92":{"start":{"line":177,"column":8},"end":{"line":177,"column":30}},"93":{"start":{"line":179,"column":8},"end":{"line":179,"column":24}},"94":{"start":{"line":181,"column":8},"end":{"line":184,"column":9}},"95":{"start":{"line":182,"column":12},"end":{"line":182,"column":39}},"96":{"start":{"line":183,"column":12},"end":{"line":183,"column":39}},"97":{"start":{"line":187,"column":8},"end":{"line":187,"column":69}},"98":{"start":{"line":187,"column":46},"end":{"line":187,"column":67}},"99":{"start":{"line":190,"column":25},"end":{"line":190,"column":86}},"100":{"start":{"line":191,"column":8},"end":{"line":191,"column":46}},"101":{"start":{"line":192,"column":8},"end":{"line":192,"column":67}},"102":{"start":{"line":193,"column":8},"end":{"line":193,"column":44}},"103":{"start":{"line":196,"column":8},"end":{"line":211,"column":9}},"104":{"start":{"line":197,"column":52},"end":{"line":197,"column":56}},"105":{"start":{"line":199,"column":31},"end":{"line":205,"column":13}},"106":{"start":{"line":201,"column":20},"end":{"line":201,"column":53}},"107":{"start":{"line":202,"column":20},"end":{"line":202,"column":36}},"108":{"start":{"line":203,"column":20},"end":{"line":203,"column":71}},"109":{"start":{"line":207,"column":12},"end":{"line":207,"column":52}},"110":{"start":{"line":208,"column":12},"end":{"line":210,"column":15}},"111":{"start":{"line":209,"column":16},"end":{"line":209,"column":59}},"112":{"start":{"line":212,"column":8},"end":{"line":222,"column":9}},"113":{"start":{"line":213,"column":12},"end":{"line":221,"column":13}},"114":{"start":{"line":213,"column":25},"end":{"line":213,"column":26}},"115":{"start":{"line":214,"column":16},"end":{"line":220,"column":19}},"116":{"start":{"line":227,"column":40},"end":{"line":227,"column":43}},"117":{"start":{"line":228,"column":8},"end":{"line":234,"column":9}},"118":{"start":{"line":228,"column":21},"end":{"line":228,"column":22}},"119":{"start":{"line":229,"column":29},"end":{"line":229,"column":60}},"120":{"start":{"line":230,"column":12},"end":{"line":233,"column":13}},"121":{"start":{"line":231,"column":16},"end":{"line":231,"column":51}},"122":{"start":{"line":232,"column":16},"end":{"line":232,"column":53}},"123":{"start":{"line":236,"column":8},"end":{"line":239,"column":9}},"124":{"start":{"line":237,"column":12},"end":{"line":237,"column":41}},"125":{"start":{"line":238,"column":12},"end":{"line":238,"column":41}},"126":{"start":{"line":241,"column":8},"end":{"line":241,"column":33}},"127":{"start":{"line":245,"column":22},"end":{"line":245,"column":44}},"128":{"start":{"line":246,"column":23},"end":{"line":246,"column":45}},"129":{"start":{"line":247,"column":21},"end":{"line":247,"column":43}},"130":{"start":{"line":248,"column":24},"end":{"line":248,"column":46}},"131":{"start":{"line":250,"column":24},"end":{"line":250,"column":41}},"132":{"start":{"line":251,"column":25},"end":{"line":251,"column":43}},"133":{"start":{"line":252,"column":23},"end":{"line":252,"column":39}},"134":{"start":{"line":253,"column":26},"end":{"line":253,"column":45}},"135":{"start":{"line":255,"column":24},"end":{"line":255,"column":45}},"136":{"start":{"line":256,"column":25},"end":{"line":256,"column":47}},"137":{"start":{"line":257,"column":27},"end":{"line":257,"column":51}},"138":{"start":{"line":258,"column":28},"end":{"line":258,"column":53}},"139":{"start":{"line":260,"column":22},"end":{"line":260,"column":47}},"140":{"start":{"line":261,"column":22},"end":{"line":261,"column":47}},"141":{"start":{"line":262,"column":8},"end":{"line":267,"column":9}},"142":{"start":{"line":262,"column":23},"end":{"line":262,"column":30}},"143":{"start":{"line":263,"column":12},"end":{"line":266,"column":14}},"144":{"start":{"line":268,"column":8},"end":{"line":273,"column":9}},"145":{"start":{"line":268,"column":23},"end":{"line":268,"column":29}},"146":{"start":{"line":269,"column":12},"end":{"line":272,"column":14}},"147":{"start":{"line":275,"column":20},"end":{"line":275,"column":22}},"148":{"start":{"line":276,"column":8},"end":{"line":283,"column":12}},"149":{"start":{"line":276,"column":29},"end":{"line":283,"column":10}},"150":{"start":{"line":277,"column":12},"end":{"line":282,"column":13}},"151":{"start":{"line":278,"column":16},"end":{"line":281,"column":19}},"152":{"start":{"line":284,"column":8},"end":{"line":284,"column":19}},"153":{"start":{"line":288,"column":8},"end":{"line":296,"column":9}},"154":{"start":{"line":288,"column":21},"end":{"line":288,"column":22}},"155":{"start":{"line":289,"column":12},"end":{"line":295,"column":15}},"156":{"start":{"line":299,"column":8},"end":{"line":299,"column":20}},"157":{"start":{"line":303,"column":8},"end":{"line":311,"column":9}},"158":{"start":{"line":303,"column":21},"end":{"line":303,"column":22}},"159":{"start":{"line":304,"column":12},"end":{"line":310,"column":15}},"160":{"start":{"line":316,"column":25},"end":{"line":316,"column":29}},"161":{"start":{"line":318,"column":31},"end":{"line":318,"column":56}},"162":{"start":{"line":319,"column":27},"end":{"line":319,"column":75}},"163":{"start":{"line":321,"column":8},"end":{"line":336,"column":9}},"164":{"start":{"line":323,"column":12},"end":{"line":323,"column":43}},"165":{"start":{"line":326,"column":12},"end":{"line":329,"column":13}},"166":{"start":{"line":327,"column":16},"end":{"line":327,"column":50}},"167":{"start":{"line":328,"column":16},"end":{"line":328,"column":40}},"168":{"start":{"line":330,"column":15},"end":{"line":336,"column":9}},"169":{"start":{"line":331,"column":12},"end":{"line":331,"column":46}},"170":{"start":{"line":334,"column":12},"end":{"line":334,"column":38}},"171":{"start":{"line":335,"column":12},"end":{"line":335,"column":36}},"172":{"start":{"line":338,"column":24},"end":{"line":338,"column":35}},"173":{"start":{"line":339,"column":37},"end":{"line":339,"column":58}},"174":{"start":{"line":342,"column":8},"end":{"line":344,"column":9}},"175":{"start":{"line":343,"column":12},"end":{"line":343,"column":24}},"176":{"start":{"line":347,"column":8},"end":{"line":349,"column":9}},"177":{"start":{"line":348,"column":12},"end":{"line":348,"column":53}},"178":{"start":{"line":352,"column":8},"end":{"line":354,"column":9}},"179":{"start":{"line":353,"column":12},"end":{"line":353,"column":38}},"180":{"start":{"line":357,"column":22},"end":{"line":357,"column":48}},"181":{"start":{"line":358,"column":23},"end":{"line":358,"column":49}},"182":{"start":{"line":359,"column":8},"end":{"line":361,"column":9}},"183":{"start":{"line":360,"column":12},"end":{"line":360,"column":38}},"184":{"start":{"line":363,"column":8},"end":{"line":367,"column":9}},"185":{"start":{"line":364,"column":12},"end":{"line":364,"column":42}},"186":{"start":{"line":365,"column":12},"end":{"line":365,"column":42}},"187":{"start":{"line":366,"column":12},"end":{"line":366,"column":61}},"188":{"start":{"line":371,"column":8},"end":{"line":379,"column":10}},"189":{"start":{"line":383,"column":8},"end":{"line":383,"column":50}},"190":{"start":{"line":386,"column":8},"end":{"line":390,"column":11}},"191":{"start":{"line":388,"column":12},"end":{"line":388,"column":38}},"192":{"start":{"line":389,"column":12},"end":{"line":389,"column":68}},"193":{"start":{"line":396,"column":0},"end":{"line":396,"column":24}}},"fnMap":{"0":{"name":"(anonymous_0)","decl":{"start":{"line":2,"column":4},"end":{"line":2,"column":5}},"loc":{"start":{"line":2,"column":29},"end":{"line":34,"column":5}},"line":2},"1":{"name":"(anonymous_1)","decl":{"start":{"line":36,"column":4},"end":{"line":36,"column":5}},"loc":{"start":{"line":36,"column":17},"end":{"line":42,"column":5}},"line":36},"2":{"name":"(anonymous_2)","decl":{"start":{"line":44,"column":4},"end":{"line":44,"column":5}},"loc":{"start":{"line":44,"column":18},"end":{"line":61,"column":5}},"line":44},"3":{"name":"(anonymous_3)","decl":{"start":{"line":63,"column":4},"end":{"line":63,"column":5}},"loc":{"start":{"line":63,"column":19},"end":{"line":65,"column":5}},"line":63},"4":{"name":"(anonymous_4)","decl":{"start":{"line":67,"column":4},"end":{"line":67,"column":5}},"loc":{"start":{"line":67,"column":13},"end":{"line":74,"column":5}},"line":67},"5":{"name":"(anonymous_5)","decl":{"start":{"line":76,"column":4},"end":{"line":76,"column":5}},"loc":{"start":{"line":76,"column":16},"end":{"line":223,"column":5}},"line":76},"6":{"name":"(anonymous_6)","decl":{"start":{"line":187,"column":34},"end":{"line":187,"column":35}},"loc":{"start":{"line":187,"column":46},"end":{"line":187,"column":67}},"line":187},"7":{"name":"(anonymous_7)","decl":{"start":{"line":200,"column":26},"end":{"line":200,"column":27}},"loc":{"start":{"line":200,"column":32},"end":{"line":204,"column":17}},"line":200},"8":{"name":"(anonymous_8)","decl":{"start":{"line":208,"column":64},"end":{"line":208,"column":65}},"loc":{"start":{"line":208,"column":70},"end":{"line":210,"column":13}},"line":208},"9":{"name":"(anonymous_9)","decl":{"start":{"line":225,"column":4},"end":{"line":225,"column":5}},"loc":{"start":{"line":225,"column":50},"end":{"line":242,"column":5}},"line":225},"10":{"name":"(anonymous_10)","decl":{"start":{"line":244,"column":4},"end":{"line":244,"column":5}},"loc":{"start":{"line":244,"column":25},"end":{"line":285,"column":5}},"line":244},"11":{"name":"(anonymous_11)","decl":{"start":{"line":276,"column":22},"end":{"line":276,"column":23}},"loc":{"start":{"line":276,"column":29},"end":{"line":283,"column":10}},"line":276},"12":{"name":"(anonymous_12)","decl":{"start":{"line":276,"column":43},"end":{"line":276,"column":44}},"loc":{"start":{"line":276,"column":50},"end":{"line":283,"column":9}},"line":276},"13":{"name":"(anonymous_13)","decl":{"start":{"line":287,"column":4},"end":{"line":287,"column":5}},"loc":{"start":{"line":287,"column":12},"end":{"line":300,"column":5}},"line":287},"14":{"name":"(anonymous_14)","decl":{"start":{"line":302,"column":4},"end":{"line":302,"column":5}},"loc":{"start":{"line":302,"column":12},"end":{"line":312,"column":5}},"line":302},"15":{"name":"(anonymous_15)","decl":{"start":{"line":314,"column":4},"end":{"line":314,"column":5}},"loc":{"start":{"line":314,"column":15},"end":{"line":368,"column":5}},"line":314},"16":{"name":"(anonymous_16)","decl":{"start":{"line":370,"column":4},"end":{"line":370,"column":5}},"loc":{"start":{"line":370,"column":32},"end":{"line":380,"column":5}},"line":370},"17":{"name":"(anonymous_17)","decl":{"start":{"line":382,"column":4},"end":{"line":382,"column":5}},"loc":{"start":{"line":382,"column":13},"end":{"line":391,"column":5}},"line":382},"18":{"name":"(anonymous_18)","decl":{"start":{"line":386,"column":13},"end":{"line":386,"column":14}},"loc":{"start":{"line":386,"column":19},"end":{"line":390,"column":9}},"line":386}},"branchMap":{"0":{"loc":{"start":{"line":41,"column":15},"end":{"line":41,"column":68}},"type":"binary-expr","locations":[{"start":{"line":41,"column":15},"end":{"line":41,"column":39}},{"start":{"line":41,"column":43},"end":{"line":41,"column":68}}],"line":41},"1":{"loc":{"start":{"line":46,"column":8},"end":{"line":48,"column":9}},"type":"if","locations":[{"start":{"line":46,"column":8},"end":{"line":48,"column":9}},{"start":{},"end":{}}],"line":46},"2":{"loc":{"start":{"line":51,"column":8},"end":{"line":53,"column":9}},"type":"if","locations":[{"start":{"line":51,"column":8},"end":{"line":53,"column":9}},{"start":{},"end":{}}],"line":51},"3":{"loc":{"start":{"line":51,"column":12},"end":{"line":51,"column":47}},"type":"binary-expr","locations":[{"start":{"line":51,"column":12},"end":{"line":51,"column":25}},{"start":{"line":51,"column":29},"end":{"line":51,"column":47}}],"line":51},"4":{"loc":{"start":{"line":56,"column":8},"end":{"line":58,"column":9}},"type":"if","locations":[{"start":{"line":56,"column":8},"end":{"line":58,"column":9}},{"start":{},"end":{}}],"line":56},"5":{"loc":{"start":{"line":56,"column":12},"end":{"line":56,"column":123}},"type":"binary-expr","locations":[{"start":{"line":56,"column":12},"end":{"line":56,"column":55}},{"start":{"line":56,"column":59},"end":{"line":56,"column":123}}],"line":56},"6":{"loc":{"start":{"line":88,"column":28},"end":{"line":88,"column":61}},"type":"binary-expr","locations":[{"start":{"line":88,"column":28},"end":{"line":88,"column":45}},{"start":{"line":88,"column":49},"end":{"line":88,"column":61}}],"line":88},"7":{"loc":{"start":{"line":91,"column":8},"end":{"line":95,"column":9}},"type":"if","locations":[{"start":{"line":91,"column":8},"end":{"line":95,"column":9}},{"start":{"line":93,"column":15},"end":{"line":95,"column":9}}],"line":91},"8":{"loc":{"start":{"line":97,"column":8},"end":{"line":116,"column":9}},"type":"if","locations":[{"start":{"line":97,"column":8},"end":{"line":116,"column":9}},{"start":{},"end":{}}],"line":97},"9":{"loc":{"start":{"line":97,"column":12},"end":{"line":97,"column":39}},"type":"binary-expr","locations":[{"start":{"line":97,"column":12},"end":{"line":97,"column":23}},{"start":{"line":97,"column":27},"end":{"line":97,"column":39}}],"line":97},"10":{"loc":{"start":{"line":103,"column":12},"end":{"line":108,"column":13}},"type":"if","locations":[{"start":{"line":103,"column":12},"end":{"line":108,"column":13}},{"start":{},"end":{}}],"line":103},"11":{"loc":{"start":{"line":118,"column":8},"end":{"line":127,"column":9}},"type":"if","locations":[{"start":{"line":118,"column":8},"end":{"line":127,"column":9}},{"start":{},"end":{}}],"line":118},"12":{"loc":{"start":{"line":118,"column":12},"end":{"line":118,"column":45}},"type":"binary-expr","locations":[{"start":{"line":118,"column":12},"end":{"line":118,"column":23}},{"start":{"line":118,"column":27},"end":{"line":118,"column":45}}],"line":118},"13":{"loc":{"start":{"line":129,"column":8},"end":{"line":145,"column":9}},"type":"if","locations":[{"start":{"line":129,"column":8},"end":{"line":145,"column":9}},{"start":{"line":133,"column":15},"end":{"line":145,"column":9}}],"line":129},"14":{"loc":{"start":{"line":135,"column":28},"end":{"line":135,"column":111}},"type":"cond-expr","locations":[{"start":{"line":135,"column":63},"end":{"line":135,"column":88}},{"start":{"line":135,"column":91},"end":{"line":135,"column":111}}],"line":135},"15":{"loc":{"start":{"line":135,"column":28},"end":{"line":135,"column":60}},"type":"binary-expr","locations":[{"start":{"line":135,"column":28},"end":{"line":135,"column":45}},{"start":{"line":135,"column":49},"end":{"line":135,"column":60}}],"line":135},"16":{"loc":{"start":{"line":137,"column":12},"end":{"line":142,"column":13}},"type":"if","locations":[{"start":{"line":137,"column":12},"end":{"line":142,"column":13}},{"start":{},"end":{}}],"line":137},"17":{"loc":{"start":{"line":151,"column":8},"end":{"line":156,"column":9}},"type":"if","locations":[{"start":{"line":151,"column":8},"end":{"line":156,"column":9}},{"start":{},"end":{}}],"line":151},"18":{"loc":{"start":{"line":157,"column":8},"end":{"line":161,"column":9}},"type":"if","locations":[{"start":{"line":157,"column":8},"end":{"line":161,"column":9}},{"start":{},"end":{}}],"line":157},"19":{"loc":{"start":{"line":162,"column":8},"end":{"line":164,"column":9}},"type":"if","locations":[{"start":{"line":162,"column":8},"end":{"line":164,"column":9}},{"start":{},"end":{}}],"line":162},"20":{"loc":{"start":{"line":162,"column":12},"end":{"line":162,"column":29}},"type":"binary-expr","locations":[{"start":{"line":162,"column":12},"end":{"line":162,"column":23}},{"start":{"line":162,"column":27},"end":{"line":162,"column":29}}],"line":162},"21":{"loc":{"start":{"line":165,"column":8},"end":{"line":167,"column":9}},"type":"if","locations":[{"start":{"line":165,"column":8},"end":{"line":167,"column":9}},{"start":{},"end":{}}],"line":165},"22":{"loc":{"start":{"line":171,"column":39},"end":{"line":171,"column":129}},"type":"cond-expr","locations":[{"start":{"line":171,"column":53},"end":{"line":171,"column":89}},{"start":{"line":171,"column":92},"end":{"line":171,"column":129}}],"line":171},"23":{"loc":{"start":{"line":181,"column":8},"end":{"line":184,"column":9}},"type":"if","locations":[{"start":{"line":181,"column":8},"end":{"line":184,"column":9}},{"start":{},"end":{}}],"line":181},"24":{"loc":{"start":{"line":190,"column":25},"end":{"line":190,"column":86}},"type":"cond-expr","locations":[{"start":{"line":190,"column":58},"end":{"line":190,"column":81}},{"start":{"line":190,"column":84},"end":{"line":190,"column":86}}],"line":190},"25":{"loc":{"start":{"line":196,"column":8},"end":{"line":211,"column":9}},"type":"if","locations":[{"start":{"line":196,"column":8},"end":{"line":211,"column":9}},{"start":{},"end":{}}],"line":196},"26":{"loc":{"start":{"line":196,"column":12},"end":{"line":196,"column":66}},"type":"binary-expr","locations":[{"start":{"line":196,"column":12},"end":{"line":196,"column":24}},{"start":{"line":196,"column":28},"end":{"line":196,"column":46}},{"start":{"line":196,"column":50},"end":{"line":196,"column":66}}],"line":196},"27":{"loc":{"start":{"line":212,"column":8},"end":{"line":222,"column":9}},"type":"if","locations":[{"start":{"line":212,"column":8},"end":{"line":222,"column":9}},{"start":{},"end":{}}],"line":212},"28":{"loc":{"start":{"line":230,"column":12},"end":{"line":233,"column":13}},"type":"if","locations":[{"start":{"line":230,"column":12},"end":{"line":233,"column":13}},{"start":{},"end":{}}],"line":230},"29":{"loc":{"start":{"line":236,"column":8},"end":{"line":239,"column":9}},"type":"if","locations":[{"start":{"line":236,"column":8},"end":{"line":239,"column":9}},{"start":{},"end":{}}],"line":236},"30":{"loc":{"start":{"line":277,"column":12},"end":{"line":282,"column":13}},"type":"if","locations":[{"start":{"line":277,"column":12},"end":{"line":282,"column":13}},{"start":{},"end":{}}],"line":277},"31":{"loc":{"start":{"line":321,"column":8},"end":{"line":336,"column":9}},"type":"if","locations":[{"start":{"line":321,"column":8},"end":{"line":336,"column":9}},{"start":{"line":330,"column":15},"end":{"line":336,"column":9}}],"line":321},"32":{"loc":{"start":{"line":326,"column":12},"end":{"line":329,"column":13}},"type":"if","locations":[{"start":{"line":326,"column":12},"end":{"line":329,"column":13}},{"start":{},"end":{}}],"line":326},"33":{"loc":{"start":{"line":330,"column":15},"end":{"line":336,"column":9}},"type":"if","locations":[{"start":{"line":330,"column":15},"end":{"line":336,"column":9}},{"start":{},"end":{}}],"line":330},"34":{"loc":{"start":{"line":342,"column":8},"end":{"line":344,"column":9}},"type":"if","locations":[{"start":{"line":342,"column":8},"end":{"line":344,"column":9}},{"start":{},"end":{}}],"line":342},"35":{"loc":{"start":{"line":342,"column":12},"end":{"line":342,"column":65}},"type":"binary-expr","locations":[{"start":{"line":342,"column":12},"end":{"line":342,"column":19}},{"start":{"line":342,"column":23},"end":{"line":342,"column":65}}],"line":342},"36":{"loc":{"start":{"line":347,"column":8},"end":{"line":349,"column":9}},"type":"if","locations":[{"start":{"line":347,"column":8},"end":{"line":349,"column":9}},{"start":{},"end":{}}],"line":347},"37":{"loc":{"start":{"line":347,"column":12},"end":{"line":347,"column":35}},"type":"binary-expr","locations":[{"start":{"line":347,"column":12},"end":{"line":347,"column":19}},{"start":{"line":347,"column":23},"end":{"line":347,"column":35}}],"line":347},"38":{"loc":{"start":{"line":352,"column":8},"end":{"line":354,"column":9}},"type":"if","locations":[{"start":{"line":352,"column":8},"end":{"line":354,"column":9}},{"start":{},"end":{}}],"line":352},"39":{"loc":{"start":{"line":352,"column":12},"end":{"line":352,"column":64}},"type":"binary-expr","locations":[{"start":{"line":352,"column":12},"end":{"line":352,"column":23}},{"start":{"line":352,"column":27},"end":{"line":352,"column":52}},{"start":{"line":352,"column":56},"end":{"line":352,"column":64}}],"line":352},"40":{"loc":{"start":{"line":359,"column":8},"end":{"line":361,"column":9}},"type":"if","locations":[{"start":{"line":359,"column":8},"end":{"line":361,"column":9}},{"start":{},"end":{}}],"line":359},"41":{"loc":{"start":{"line":359,"column":12},"end":{"line":359,"column":65}},"type":"binary-expr","locations":[{"start":{"line":359,"column":12},"end":{"line":359,"column":36}},{"start":{"line":359,"column":40},"end":{"line":359,"column":65}}],"line":359},"42":{"loc":{"start":{"line":363,"column":8},"end":{"line":367,"column":9}},"type":"if","locations":[{"start":{"line":363,"column":8},"end":{"line":367,"column":9}},{"start":{},"end":{}}],"line":363}},"s":{"0":29,"1":29,"2":29,"3":29,"4":29,"5":29,"6":29,"7":29,"8":29,"9":29,"10":29,"11":29,"12":29,"13":29,"14":29,"15":29,"16":29,"17":29,"18":29,"19":29,"20":29,"21":29,"22":560,"23":560,"24":560,"25":560,"26":13,"27":1,"28":12,"29":1,"30":11,"31":1,"32":10,"33":94,"34":1,"35":1,"36":60,"37":60,"38":60,"39":80,"40":80,"41":80,"42":80,"43":80,"44":80,"45":80,"46":80,"47":80,"48":80,"49":6,"50":74,"51":80,"52":6,"53":6,"54":6,"55":6,"56":1,"57":1,"58":6,"59":6,"60":80,"61":6,"62":6,"63":6,"64":6,"65":6,"66":80,"67":6,"68":6,"69":74,"70":74,"71":74,"72":3,"73":3,"74":74,"75":80,"76":80,"77":80,"78":2,"79":2,"80":2,"81":80,"82":2,"83":2,"84":2,"85":80,"86":2,"87":80,"88":1,"89":80,"90":80,"91":80,"92":80,"93":80,"94":80,"95":77,"96":77,"97":80,"98":1773,"99":80,"100":80,"101":80,"102":80,"103":80,"104":0,"105":0,"106":0,"107":0,"108":0,"109":0,"110":0,"111":0,"112":80,"113":0,"114":0,"115":0,"116":80,"117":80,"118":80,"119":96,"120":96,"121":6,"122":6,"123":80,"124":3,"125":3,"126":80,"127":80,"128":80,"129":80,"130":80,"131":80,"132":80,"133":80,"134":80,"135":80,"136":80,"137":80,"138":80,"139":80,"140":80,"141":80,"142":80,"143":84,"144":80,"145":80,"146":137,"147":80,"148":80,"149":328,"150":1784,"151":96,"152":80,"153":0,"154":0,"155":0,"156":0,"157":0,"158":0,"159":0,"160":80,"161":80,"162":80,"163":80,"164":77,"165":77,"166":0,"167":0,"168":3,"169":0,"170":0,"171":0,"172":80,"173":80,"174":80,"175":0,"176":80,"177":0,"178":80,"179":79,"180":80,"181":80,"182":80,"183":3,"184":80,"185":0,"186":0,"187":0,"188":0,"189":0,"190":0,"191":0,"192":0,"193":2},"f":{"0":29,"1":560,"2":13,"3":94,"4":1,"5":80,"6":1773,"7":0,"8":0,"9":80,"10":80,"11":328,"12":1784,"13":0,"14":0,"15":80,"16":0,"17":0,"18":0},"b":{"0":[560,21],"1":[1,12],"2":[1,11],"3":[12,2],"4":[1,10],"5":[11,5],"6":[80,0],"7":[6,74],"8":[6,74],"9":[80,6],"10":[1,5],"11":[6,74],"12":[80,6],"13":[6,74],"14":[2,72],"15":[74,3],"16":[3,71],"17":[2,78],"18":[2,78],"19":[2,78],"20":[80,77],"21":[1,79],"22":[77,3],"23":[77,3],"24":[0,80],"25":[0,80],"26":[80,3,3],"27":[0,80],"28":[6,90],"29":[3,77],"30":[96,1688],"31":[77,3],"32":[0,77],"33":[0,3],"34":[0,80],"35":[80,0],"36":[0,80],"37":[80,0],"38":[79,1],"39":[80,3,2],"40":[3,77],"41":[80,3],"42":[0,80]},"inputSourceMap":null,"_coverageSchema":"1a1c01bbd47fc00a2c39e90264f33305004495a9","hash":"bb08b275cd8ae534eef48aa4232ad2d45bd46bea"}
}
