TN:
SF:src\js\util\raycasting.js
FN:1,(anonymous_0)
FN:24,(anonymous_1)
FN:36,(anonymous_2)
FN:48,(anonymous_3)
FN:77,(anonymous_4)
FN:85,(anonymous_5)
FN:89,(anonymous_6)
FN:93,(anonymous_7)
FN:94,(anonymous_8)
FN:95,(anonymous_9)
FNF:10
FNH:1
FNDA:0,(anonymous_0)
FNDA:0,(anonymous_1)
FNDA:0,(anonymous_2)
FNDA:0,(anonymous_3)
FNDA:0,(anonymous_4)
FNDA:0,(anonymous_5)
FNDA:0,(anonymous_6)
FNDA:52,(anonymous_7)
FNDA:0,(anonymous_8)
FNDA:0,(anonymous_9)
DA:1,1
DA:2,0
DA:3,0
DA:6,0
DA:7,0
DA:8,0
DA:9,0
DA:11,0
DA:14,0
DA:15,0
DA:21,0
DA:24,1
DA:25,0
DA:27,0
DA:28,0
DA:30,0
DA:31,0
DA:33,0
DA:36,1
DA:37,0
DA:39,0
DA:40,0
DA:42,0
DA:43,0
DA:45,0
DA:48,1
DA:49,0
DA:50,0
DA:52,0
DA:53,0
DA:54,0
DA:56,0
DA:58,0
DA:62,0
DA:64,0
DA:66,0
DA:67,0
DA:71,0
DA:77,1
DA:78,0
DA:85,1
DA:86,0
DA:89,1
DA:90,0
DA:93,52
DA:94,1
DA:95,1
LF:47
LH:10
BRDA:6,0,0,0
BRDA:6,0,1,0
BRDA:8,1,0,0
BRDA:8,1,1,0
BRDA:11,2,0,0
BRDA:11,2,1,0
BRDA:14,3,0,0
BRDA:14,3,1,0
BRDA:27,4,0,0
BRDA:27,4,1,0
BRDA:30,5,0,0
BRDA:30,5,1,0
BRDA:39,6,0,0
BRDA:39,6,1,0
BRDA:42,7,0,0
BRDA:42,7,1,0
BRDA:53,8,0,0
BRDA:53,8,1,0
BRDA:56,9,0,0
BRDA:56,9,1,0
BRDA:62,10,0,0
BRDA:62,10,1,0
BRDA:77,11,0,0
BRDA:78,12,0,0
BRDA:78,12,1,0
BRDA:78,12,2,0
BRDA:78,12,3,0
BRDA:78,12,4,0
BRDA:86,13,0,0
BRDA:86,13,1,0
BRDA:90,14,0,0
BRDA:90,14,1,0
BRF:32
BRH:0
end_of_record
TN:
SF:tests\math.js
FN:1,(anonymous_0)
FN:2,(anonymous_1)
FN:3,(anonymous_2)
FN:4,(anonymous_3)
FN:5,(anonymous_4)
FN:6,(anonymous_5)
FN:7,(anonymous_6)
FN:8,(anonymous_7)
FN:9,(anonymous_8)
FN:12,(anonymous_9)
FNF:10
FNH:3
FNDA:13,(anonymous_0)
FNDA:0,(anonymous_1)
FNDA:13,(anonymous_2)
FNDA:0,(anonymous_3)
FNDA:0,(anonymous_4)
FNDA:0,(anonymous_5)
FNDA:0,(anonymous_6)
FNDA:6,(anonymous_7)
FNDA:0,(anonymous_8)
FNDA:0,(anonymous_9)
DA:1,13
DA:2,1
DA:3,13
DA:4,1
DA:5,1
DA:6,1
DA:7,1
DA:8,6
DA:9,1
DA:12,1
DA:13,0
DA:14,0
DA:15,0
DA:17,0
DA:18,0
DA:20,0
DA:24,1
DA:27,1
LF:18
LH:12
BRDA:1,0,0,0
BRDA:1,0,1,13
BRDA:1,1,0,0
BRDA:1,1,1,13
BRDA:2,2,0,0
BRDA:2,2,1,0
BRDA:14,3,0,0
BRDA:14,3,1,0
BRDA:17,4,0,0
BRDA:17,4,1,0
BRF:10
BRH:2
end_of_record
TN:
SF:tests\playerMock.js
FN:2,(anonymous_0)
FN:35,(anonymous_1)
FN:43,(anonymous_2)
FN:62,(anonymous_3)
FN:66,(anonymous_4)
FN:75,(anonymous_5)
FN:188,(anonymous_6)
FN:201,(anonymous_7)
FN:209,(anonymous_8)
FN:227,(anonymous_9)
FN:246,(anonymous_10)
FN:278,(anonymous_11)
FN:278,(anonymous_12)
FN:289,(anonymous_13)
FN:304,(anonymous_14)
FN:316,(anonymous_15)
FN:371,(anonymous_16)
FN:383,(anonymous_17)
FN:387,(anonymous_18)
FNF:19
FNH:11
FNDA:21,(anonymous_0)
FNDA:91,(anonymous_1)
FNDA:13,(anonymous_2)
FNDA:27,(anonymous_3)
FNDA:0,(anonymous_4)
FNDA:13,(anonymous_5)
FNDA:3,(anonymous_6)
FNDA:0,(anonymous_7)
FNDA:0,(anonymous_8)
FNDA:13,(anonymous_9)
FNDA:13,(anonymous_10)
FNDA:52,(anonymous_11)
FNDA:272,(anonymous_12)
FNDA:0,(anonymous_13)
FNDA:0,(anonymous_14)
FNDA:13,(anonymous_15)
FNDA:0,(anonymous_16)
FNDA:0,(anonymous_17)
FNDA:0,(anonymous_18)
DA:3,21
DA:4,21
DA:5,21
DA:6,21
DA:8,21
DA:9,21
DA:10,21
DA:11,21
DA:13,21
DA:14,21
DA:15,21
DA:16,21
DA:17,21
DA:18,21
DA:19,21
DA:21,21
DA:22,21
DA:24,21
DA:26,21
DA:30,21
DA:31,21
DA:32,21
DA:36,91
DA:37,91
DA:38,91
DA:40,91
DA:45,13
DA:46,1
DA:50,12
DA:51,1
DA:55,11
DA:56,1
DA:59,10
DA:63,27
DA:67,0
DA:68,0
DA:69,0
DA:70,0
DA:71,0
DA:77,13
DA:78,13
DA:79,13
DA:80,13
DA:81,13
DA:82,13
DA:84,13
DA:86,13
DA:87,13
DA:90,13
DA:91,6
DA:93,7
DA:96,13
DA:97,6
DA:98,6
DA:99,6
DA:102,6
DA:103,1
DA:106,1
DA:112,6
DA:114,6
DA:117,13
DA:118,6
DA:119,6
DA:120,6
DA:124,6
DA:125,6
DA:128,13
DA:130,6
DA:131,6
DA:134,7
DA:135,7
DA:136,7
DA:138,0
DA:139,0
DA:144,7
DA:149,13
DA:151,13
DA:152,0
DA:153,0
DA:154,0
DA:157,13
DA:158,0
DA:159,0
DA:160,0
DA:163,13
DA:164,0
DA:166,13
DA:167,0
DA:170,13
DA:172,13
DA:173,13
DA:178,13
DA:180,13
DA:182,13
DA:183,13
DA:184,13
DA:188,13
DA:191,13
DA:192,13
DA:193,13
DA:194,13
DA:197,13
DA:198,0
DA:200,0
DA:202,0
DA:203,0
DA:204,0
DA:208,0
DA:209,0
DA:210,0
DA:214,13
DA:215,0
DA:216,0
DA:229,13
DA:230,13
DA:231,0
DA:232,0
DA:233,0
DA:234,0
DA:238,13
DA:239,0
DA:240,0
DA:243,13
DA:247,13
DA:248,13
DA:249,13
DA:250,13
DA:252,13
DA:253,13
DA:254,13
DA:255,13
DA:257,13
DA:258,13
DA:259,13
DA:260,13
DA:262,13
DA:263,13
DA:264,13
DA:265,13
DA:270,13
DA:271,21
DA:277,13
DA:278,52
DA:279,272
DA:280,0
DA:286,13
DA:290,0
DA:291,0
DA:301,0
DA:305,0
DA:306,0
DA:318,13
DA:320,13
DA:321,13
DA:323,13
DA:325,13
DA:327,13
DA:328,0
DA:329,0
DA:331,0
DA:332,0
DA:335,0
DA:336,0
DA:339,13
DA:340,13
DA:343,13
DA:344,0
DA:348,13
DA:349,0
DA:353,13
DA:354,13
DA:358,13
DA:359,13
DA:360,13
DA:361,0
DA:364,13
DA:365,0
DA:366,0
DA:367,0
DA:372,0
DA:384,0
DA:387,0
DA:389,0
DA:390,0
DA:397,1
LF:185
LH:131
BRDA:40,0,0,91
BRDA:40,0,1,0
BRDA:45,1,0,1
BRDA:45,1,1,12
BRDA:50,2,0,1
BRDA:50,2,1,11
BRDA:50,3,0,12
BRDA:50,3,1,2
BRDA:55,4,0,1
BRDA:55,4,1,10
BRDA:55,5,0,11
BRDA:55,5,1,5
BRDA:87,6,0,13
BRDA:87,6,1,0
BRDA:90,7,0,6
BRDA:90,7,1,7
BRDA:96,8,0,6
BRDA:96,8,1,7
BRDA:96,9,0,13
BRDA:96,9,1,6
BRDA:102,10,0,1
BRDA:102,10,1,5
BRDA:117,11,0,6
BRDA:117,11,1,7
BRDA:117,12,0,13
BRDA:117,12,1,6
BRDA:128,13,0,6
BRDA:128,13,1,7
BRDA:134,14,0,0
BRDA:134,14,1,7
BRDA:134,15,0,7
BRDA:134,15,1,0
BRDA:136,16,0,0
BRDA:136,16,1,7
BRDA:151,17,0,0
BRDA:151,17,1,13
BRDA:157,18,0,0
BRDA:157,18,1,13
BRDA:163,19,0,0
BRDA:163,19,1,13
BRDA:163,20,0,13
BRDA:163,20,1,13
BRDA:166,21,0,0
BRDA:166,21,1,13
BRDA:172,22,0,13
BRDA:172,22,1,0
BRDA:182,23,0,13
BRDA:182,23,1,0
BRDA:191,24,0,0
BRDA:191,24,1,13
BRDA:197,25,0,0
BRDA:197,25,1,13
BRDA:197,26,0,13
BRDA:197,26,1,0
BRDA:197,26,2,0
BRDA:214,27,0,0
BRDA:214,27,1,13
BRDA:232,28,0,0
BRDA:232,28,1,0
BRDA:238,29,0,0
BRDA:238,29,1,13
BRDA:279,30,0,0
BRDA:279,30,1,272
BRDA:323,31,0,13
BRDA:323,31,1,0
BRDA:327,32,0,0
BRDA:327,32,1,13
BRDA:331,33,0,0
BRDA:331,33,1,0
BRDA:343,34,0,0
BRDA:343,34,1,13
BRDA:343,35,0,13
BRDA:343,35,1,0
BRDA:348,36,0,0
BRDA:348,36,1,13
BRDA:348,37,0,13
BRDA:348,37,1,0
BRDA:353,38,0,13
BRDA:353,38,1,0
BRDA:353,39,0,13
BRDA:353,39,1,0
BRDA:353,39,2,0
BRDA:360,40,0,0
BRDA:360,40,1,13
BRDA:360,41,0,13
BRDA:360,41,1,0
BRDA:364,42,0,0
BRDA:364,42,1,13
BRF:88
BRH:54
end_of_record
