TN:
SF:src\js\util\interp.js
FN:1,(anonymous_0)
FN:2,(anonymous_1)
FN:3,(anonymous_2)
FN:4,(anonymous_3)
FN:5,(anonymous_4)
FN:7,(anonymous_5)
FN:20,(anonymous_6)
FNF:7
FNH:1
FNDA:0,(anonymous_0)
FNDA:0,(anonymous_1)
FNDA:0,(anonymous_2)
FNDA:0,(anonymous_3)
FNDA:0,(anonymous_4)
FNDA:1,(anonymous_5)
FNDA:0,(anonymous_6)
DA:1,1
DA:2,1
DA:3,1
DA:4,1
DA:5,1
DA:7,1
DA:17,1
DA:19,1
DA:21,0
DA:23,0
DA:24,0
DA:26,0
DA:27,0
DA:28,0
DA:32,1
DA:35,1
LF:16
LH:10
BRDA:5,0,0,0
BRDA:5,0,1,0
BRDA:23,1,0,0
BRDA:23,1,1,0
BRDA:24,2,0,0
BRDA:24,2,1,0
BRDA:26,3,0,0
BRDA:26,3,1,0
BRDA:28,4,0,0
BRDA:28,4,1,0
BRF:10
BRH:0
end_of_record
TN:
SF:src\js\util\raycasting.js
FN:1,(anonymous_0)
FN:24,(anonymous_1)
FN:36,(anonymous_2)
FN:48,(anonymous_3)
FN:77,(anonymous_4)
FN:85,(anonymous_5)
FN:89,(anonymous_6)
FN:93,(anonymous_7)
FN:94,(anonymous_8)
FN:95,(anonymous_9)
FNF:10
FNH:4
FNDA:0,(anonymous_0)
FNDA:0,(anonymous_1)
FNDA:0,(anonymous_2)
FNDA:0,(anonymous_3)
FNDA:112,(anonymous_4)
FNDA:560,(anonymous_5)
FNDA:560,(anonymous_6)
FNDA:268,(anonymous_7)
FNDA:0,(anonymous_8)
FNDA:0,(anonymous_9)
DA:1,1
DA:2,0
DA:3,0
DA:6,0
DA:7,0
DA:8,0
DA:9,0
DA:11,0
DA:14,0
DA:15,0
DA:21,0
DA:24,1
DA:25,0
DA:27,0
DA:28,0
DA:30,0
DA:31,0
DA:33,0
DA:36,1
DA:37,0
DA:39,0
DA:40,0
DA:42,0
DA:43,0
DA:45,0
DA:48,1
DA:49,0
DA:50,0
DA:52,0
DA:53,0
DA:54,0
DA:56,0
DA:58,0
DA:62,0
DA:64,0
DA:66,0
DA:67,0
DA:71,0
DA:77,1
DA:78,112
DA:85,1
DA:86,560
DA:89,1
DA:90,560
DA:93,268
DA:94,1
DA:95,1
LF:47
LH:13
BRDA:6,0,0,0
BRDA:6,0,1,0
BRDA:8,1,0,0
BRDA:8,1,1,0
BRDA:11,2,0,0
BRDA:11,2,1,0
BRDA:14,3,0,0
BRDA:14,3,1,0
BRDA:27,4,0,0
BRDA:27,4,1,0
BRDA:30,5,0,0
BRDA:30,5,1,0
BRDA:39,6,0,0
BRDA:39,6,1,0
BRDA:42,7,0,0
BRDA:42,7,1,0
BRDA:53,8,0,0
BRDA:53,8,1,0
BRDA:56,9,0,0
BRDA:56,9,1,0
BRDA:62,10,0,0
BRDA:62,10,1,0
BRDA:77,11,0,40
BRDA:78,12,0,112
BRDA:78,12,1,112
BRDA:78,12,2,112
BRDA:78,12,3,112
BRDA:78,12,4,112
BRDA:86,13,0,560
BRDA:86,13,1,0
BRDA:90,14,0,560
BRDA:90,14,1,12
BRF:32
BRH:9
end_of_record
TN:
SF:tests\math.js
FN:1,(anonymous_0)
FN:2,(anonymous_1)
FN:3,(anonymous_2)
FN:4,(anonymous_3)
FN:5,(anonymous_4)
FN:6,(anonymous_5)
FN:7,(anonymous_6)
FN:8,(anonymous_7)
FN:9,(anonymous_8)
FN:12,(anonymous_9)
FNF:10
FNH:5
FNDA:67,(anonymous_0)
FNDA:572,(anonymous_1)
FNDA:67,(anonymous_2)
FNDA:96,(anonymous_3)
FNDA:96,(anonymous_4)
FNDA:0,(anonymous_5)
FNDA:0,(anonymous_6)
FNDA:0,(anonymous_7)
FNDA:0,(anonymous_8)
FNDA:0,(anonymous_9)
DA:1,67
DA:2,572
DA:3,67
DA:4,96
DA:5,96
DA:6,1
DA:7,1
DA:8,1
DA:9,1
DA:12,1
DA:13,0
DA:14,0
DA:15,0
DA:17,0
DA:18,0
DA:20,0
DA:24,1
DA:27,1
LF:18
LH:12
BRDA:1,0,0,0
BRDA:1,0,1,67
BRDA:1,1,0,0
BRDA:1,1,1,67
BRDA:2,2,0,572
BRDA:2,2,1,298
BRDA:14,3,0,0
BRDA:14,3,1,0
BRDA:17,4,0,0
BRDA:17,4,1,0
BRF:10
BRH:4
end_of_record
TN:
SF:tests\player.js
FN:2,(anonymous_0)
FN:36,(anonymous_1)
FN:44,(anonymous_2)
FN:63,(anonymous_3)
FN:67,(anonymous_4)
FN:76,(anonymous_5)
FN:187,(anonymous_6)
FN:200,(anonymous_7)
FN:208,(anonymous_8)
FN:225,(anonymous_9)
FN:244,(anonymous_10)
FN:276,(anonymous_11)
FN:276,(anonymous_12)
FN:287,(anonymous_13)
FN:302,(anonymous_14)
FN:314,(anonymous_15)
FN:370,(anonymous_16)
FN:382,(anonymous_17)
FN:386,(anonymous_18)
FNF:19
FNH:11
FNDA:8,(anonymous_0)
FNDA:469,(anonymous_1)
FNDA:0,(anonymous_2)
FNDA:67,(anonymous_3)
FNDA:1,(anonymous_4)
FNDA:67,(anonymous_5)
FNDA:1770,(anonymous_6)
FNDA:0,(anonymous_7)
FNDA:0,(anonymous_8)
FNDA:67,(anonymous_9)
FNDA:67,(anonymous_10)
FNDA:276,(anonymous_11)
FNDA:1512,(anonymous_12)
FNDA:0,(anonymous_13)
FNDA:0,(anonymous_14)
FNDA:67,(anonymous_15)
FNDA:0,(anonymous_16)
FNDA:0,(anonymous_17)
FNDA:0,(anonymous_18)
DA:3,8
DA:4,8
DA:5,8
DA:6,8
DA:8,8
DA:9,8
DA:10,8
DA:11,8
DA:13,8
DA:14,8
DA:15,8
DA:16,8
DA:17,8
DA:18,8
DA:19,8
DA:21,8
DA:22,8
DA:24,8
DA:26,8
DA:30,8
DA:31,8
DA:32,8
DA:37,469
DA:38,469
DA:39,469
DA:41,469
DA:46,0
DA:47,0
DA:51,0
DA:52,0
DA:56,0
DA:57,0
DA:60,0
DA:64,67
DA:68,1
DA:69,1
DA:70,60
DA:71,60
DA:72,60
DA:78,67
DA:79,67
DA:80,67
DA:81,67
DA:82,67
DA:83,67
DA:85,67
DA:87,67
DA:88,67
DA:91,67
DA:92,0
DA:94,67
DA:97,67
DA:98,0
DA:99,0
DA:100,0
DA:103,0
DA:104,0
DA:107,0
DA:113,0
DA:115,0
DA:118,67
DA:119,0
DA:120,0
DA:121,0
DA:125,0
DA:126,0
DA:129,67
DA:131,0
DA:132,0
DA:135,67
DA:136,67
DA:137,67
DA:138,3
DA:139,3
DA:144,67
DA:149,67
DA:151,67
DA:152,2
DA:153,2
DA:154,2
DA:157,67
DA:158,2
DA:159,2
DA:160,2
DA:162,67
DA:163,2
DA:165,67
DA:166,1
DA:169,67
DA:171,67
DA:172,67
DA:177,67
DA:179,67
DA:181,67
DA:182,64
DA:183,64
DA:187,1770
DA:190,67
DA:191,67
DA:192,67
DA:193,67
DA:196,67
DA:197,0
DA:199,0
DA:201,0
DA:202,0
DA:203,0
DA:207,0
DA:208,0
DA:209,0
DA:212,67
DA:213,0
DA:214,0
DA:227,67
DA:228,67
DA:229,96
DA:230,96
DA:231,6
DA:232,6
DA:236,67
DA:237,3
DA:238,3
DA:241,67
DA:245,67
DA:246,67
DA:247,67
DA:248,67
DA:250,67
DA:251,67
DA:252,67
DA:253,67
DA:255,67
DA:256,67
DA:257,67
DA:258,67
DA:260,67
DA:261,67
DA:262,67
DA:263,71
DA:268,67
DA:269,116
DA:275,67
DA:276,276
DA:277,1512
DA:278,96
DA:284,67
DA:288,0
DA:289,0
DA:299,0
DA:303,0
DA:304,0
DA:316,67
DA:318,67
DA:319,67
DA:321,67
DA:323,64
DA:326,64
DA:327,0
DA:328,0
DA:330,3
DA:331,0
DA:334,0
DA:335,0
DA:338,67
DA:339,67
DA:342,67
DA:343,0
DA:347,67
DA:348,0
DA:352,67
DA:353,66
DA:357,67
DA:358,67
DA:359,67
DA:360,3
DA:363,67
DA:364,0
DA:365,0
DA:366,0
DA:371,0
DA:383,0
DA:386,0
DA:388,0
DA:389,0
DA:396,1
LF:185
LH:132
BRDA:41,0,0,469
BRDA:41,0,1,21
BRDA:46,1,0,0
BRDA:46,1,1,0
BRDA:51,2,0,0
BRDA:51,2,1,0
BRDA:51,3,0,0
BRDA:51,3,1,0
BRDA:56,4,0,0
BRDA:56,4,1,0
BRDA:56,5,0,0
BRDA:56,5,1,0
BRDA:88,6,0,67
BRDA:88,6,1,0
BRDA:91,7,0,0
BRDA:91,7,1,67
BRDA:97,8,0,0
BRDA:97,8,1,67
BRDA:97,9,0,67
BRDA:97,9,1,0
BRDA:103,10,0,0
BRDA:103,10,1,0
BRDA:118,11,0,0
BRDA:118,11,1,67
BRDA:118,12,0,67
BRDA:118,12,1,0
BRDA:129,13,0,0
BRDA:129,13,1,67
BRDA:135,14,0,2
BRDA:135,14,1,65
BRDA:135,15,0,67
BRDA:135,15,1,3
BRDA:137,16,0,3
BRDA:137,16,1,64
BRDA:151,17,0,2
BRDA:151,17,1,65
BRDA:157,18,0,2
BRDA:157,18,1,65
BRDA:162,19,0,2
BRDA:162,19,1,65
BRDA:162,20,0,67
BRDA:162,20,1,64
BRDA:165,21,0,1
BRDA:165,21,1,66
BRDA:171,22,0,64
BRDA:171,22,1,3
BRDA:181,23,0,64
BRDA:181,23,1,3
BRDA:190,24,0,0
BRDA:190,24,1,67
BRDA:196,25,0,0
BRDA:196,25,1,67
BRDA:196,26,0,67
BRDA:196,26,1,3
BRDA:196,26,2,3
BRDA:212,27,0,0
BRDA:212,27,1,67
BRDA:230,28,0,6
BRDA:230,28,1,90
BRDA:236,29,0,3
BRDA:236,29,1,64
BRDA:277,30,0,96
BRDA:277,30,1,1416
BRDA:321,31,0,64
BRDA:321,31,1,3
BRDA:326,32,0,0
BRDA:326,32,1,64
BRDA:330,33,0,0
BRDA:330,33,1,3
BRDA:342,34,0,0
BRDA:342,34,1,67
BRDA:342,35,0,67
BRDA:342,35,1,0
BRDA:347,36,0,0
BRDA:347,36,1,67
BRDA:347,37,0,67
BRDA:347,37,1,0
BRDA:352,38,0,66
BRDA:352,38,1,1
BRDA:352,39,0,67
BRDA:352,39,1,3
BRDA:352,39,2,2
BRDA:359,40,0,3
BRDA:359,40,1,64
BRDA:359,41,0,67
BRDA:359,41,1,3
BRDA:363,42,0,0
BRDA:363,42,1,67
BRF:88
BRH:59
end_of_record
